2026-02-25 13:29:14 [[31merror[39m]: Redis error:
2026-02-25 13:31:55 [[32minfo[39m]: Redis connected
2026-02-25 13:31:55 [[32minfo[39m]: ✅ Redis connected
2026-02-25 13:31:55 [[32minfo[39m]: 🚀 BlockAuth running on port 3000
2026-02-25 13:31:55 [[32minfo[39m]:    Mode: production
2026-02-25 13:33:30 [[32minfo[39m]: Redis connected
2026-02-25 13:33:30 [[32minfo[39m]: ✅ Redis connected
2026-02-25 13:33:30 [[32minfo[39m]: 🚀 BlockAuth running on port 3000
2026-02-25 13:33:30 [[32minfo[39m]:    Mode: production
2026-02-25 13:34:23 [[32minfo[39m]: Redis connected
2026-02-25 13:34:23 [[32minfo[39m]: ✅ Redis connected
2026-02-25 13:39:04 [[32minfo[39m]: Redis connected
2026-02-25 13:39:04 [[32minfo[39m]: ✅ Redis connected
2026-02-25 13:39:04 [[32minfo[39m]: 🚀 BlockAuth running on port 3000
2026-02-25 13:39:04 [[32minfo[39m]:    Mode: production
2026-02-25 13:57:43 [[32minfo[39m]: Redis connected
2026-02-25 13:57:43 [[32minfo[39m]: ✅ Redis connected
2026-02-25 13:58:54 [[32minfo[39m]: Redis connected
2026-02-25 13:58:54 [[32minfo[39m]: ✅ Redis connected
2026-02-25 13:58:54 [[32minfo[39m]: 🚀 BlockAuth running on port 3000
2026-02-25 13:58:54 [[32minfo[39m]:    Mode: production
2026-02-25 14:15:52 [[32minfo[39m]: Redis connected
2026-02-25 14:15:52 [[32minfo[39m]: ✅ Redis connected
2026-02-25 14:15:52 [[32minfo[39m]: 🚀 BlockAuth running on port 3000
2026-02-25 14:15:52 [[32minfo[39m]:    Mode: production
2026-02-25 14:22:07 [[32minfo[39m]: Redis connected
2026-02-25 14:22:07 [[32minfo[39m]: ✅ Redis connected
2026-02-25 14:22:07 [[32minfo[39m]: 🚀 BlockAuth running on port 3000
2026-02-25 14:22:07 [[32minfo[39m]:    Mode: production
2026-02-25 14:29:24 [[33mwarn[39m]: Rejected unknown platform key: your-pla...
2026-02-25 14:29:40 [[33mwarn[39m]: Rejected unknown platform key: your-pla...
2026-02-25 14:36:13 [[33mwarn[39m]: Rejected unknown platform key: your-pla...
2026-02-25 14:37:06 [[32minfo[39m]: Redis connected
2026-02-25 14:37:06 [[32minfo[39m]: ✅ Redis connected
2026-02-25 14:37:06 [[32minfo[39m]: 🚀 BlockAuth running on port 3000
2026-02-25 14:37:06 [[32minfo[39m]:    Mode: production
2026-02-25 14:45:58 [[33mwarn[39m]: Rejected unknown platform key: your-pla...
2026-02-25 14:47:37 [[33mwarn[39m]: Rejected unknown platform key: your-pla...
2026-02-25 14:47:38 [[33mwarn[39m]: Rejected unknown platform key: your-pla...
2026-02-25 14:47:38 [[33mwarn[39m]: Rejected unknown platform key: your-pla...
2026-02-25 14:47:47 [[33mwarn[39m]: Rejected unknown platform key: your-pla...
2026-02-25 14:49:29 [[33mwarn[39m]: Rejected unknown platform key: your-pla...
2026-02-25 14:50:49 [[33mwarn[39m]: Rejected unknown platform key: your-pla...
2026-02-25 14:50:55 [[32minfo[39m]: Redis connected
2026-02-25 14:50:55 [[32minfo[39m]: ✅ Redis connected
2026-02-25 14:50:55 [[32minfo[39m]: 🚀 BlockAuth running on port 3000
2026-02-25 14:50:55 [[32minfo[39m]:    Mode: production
2026-02-25 14:50:57 [[32minfo[39m]: Redis connected
2026-02-25 14:50:57 [[32minfo[39m]: ✅ Redis connected
2026-02-25 14:50:57 [[32minfo[39m]: 🚀 BlockAuth running on port 3000
2026-02-25 14:50:57 [[32minfo[39m]:    Mode: production
2026-02-25 14:51:01 [[33mwarn[39m]: Rejected unknown platform key: your-pla...
2026-02-25 14:51:38 [[32minfo[39m]: Redis connected
2026-02-25 14:51:38 [[32minfo[39m]: ✅ Redis connected
2026-02-25 14:51:38 [[32minfo[39m]: 🚀 BlockAuth running on port 3000
2026-02-25 14:51:38 [[32minfo[39m]:    Mode: production
2026-02-25 14:51:56 [[33mwarn[39m]: Rejected unknown platform key: your-pla...
2026-02-25 14:55:10 [[32minfo[39m]: Redis connected
2026-02-25 14:55:10 [[32minfo[39m]: ✅ Redis connected
2026-02-25 14:55:10 [[32minfo[39m]: 🚀 BlockAuth running on port 3000
2026-02-25 14:55:10 [[32minfo[39m]:    Mode: production
2026-02-25 14:55:33 [[33mwarn[39m]: Rejected unknown platform key: your-pla...
2026-02-25 14:56:35 [[33mwarn[39m]: Rejected unknown platform key: your-pla...
2026-02-25 14:56:44 [[33mwarn[39m]: Rejected unknown platform key: your-pla...
2026-02-25 15:00:36 [[32minfo[39m]: Redis connected
2026-02-25 15:00:36 [[32minfo[39m]: ✅ Redis connected
2026-02-25 15:00:36 [[32minfo[39m]: 🚀 BlockAuth running on port 3000
2026-02-25 15:00:36 [[32minfo[39m]:    Mode: production
2026-02-25 15:05:33 [[32minfo[39m]: Redis connected
2026-02-25 15:05:33 [[32minfo[39m]: ✅ Redis connected
2026-02-25 15:05:33 [[32minfo[39m]: 🚀 BlockAuth running on port 3000
2026-02-25 15:05:33 [[32minfo[39m]:    Mode: production
2026-02-25 15:07:49 [[32minfo[39m]: Redis connected
2026-02-25 15:07:49 [[32minfo[39m]: ✅ Redis connected
2026-02-25 15:07:49 [[32minfo[39m]: 🚀 BlockAuth running on port 3000
2026-02-25 15:07:49 [[32minfo[39m]:    Mode: production
2026-02-25 15:08:34 [[32minfo[39m]: Redis connected
2026-02-25 15:08:34 [[32minfo[39m]: ✅ Redis connected
2026-02-25 15:08:34 [[32minfo[39m]: 🚀 BlockAuth running on port 3000
2026-02-25 15:08:34 [[32minfo[39m]:    Mode: production
2026-02-25 15:10:16 [[32minfo[39m]: Redis connected
2026-02-25 15:10:16 [[32minfo[39m]: ✅ Redis connected
2026-02-25 15:10:16 [[32minfo[39m]: 🚀 BlockAuth running on port 3000
2026-02-25 15:10:16 [[32minfo[39m]:    Mode: production
2026-02-25 15:10:17 [[32minfo[39m]: Redis connected
2026-02-25 15:10:17 [[32minfo[39m]: ✅ Redis connected
2026-02-25 15:10:17 [[32minfo[39m]: 🚀 BlockAuth running on port 3000
2026-02-25 15:10:17 [[32minfo[39m]:    Mode: production
2026-02-25 15:10:32 [[32minfo[39m]: ✅ Redis connected
2026-02-25 15:10:32 [[32minfo[39m]: [Agent2] wallet=unknown… score=0/100 level=LOW
2026-02-25 15:10:32 [[32minfo[39m]: [Agent2] wallet=unknown… score=45/100 level=MEDIUM
2026-02-25 15:10:32 [[32minfo[39m]: [Agent2] wallet=unknown… score=70/100 level=MEDIUM
2026-02-25 15:10:32 [[32minfo[39m]: [Agent2] wallet=unknown… score=100/100 level=CRITICAL
2026-02-25 15:10:33 [[33mwarn[39m]: Rejected unknown platform key: wrong_ke...
2026-02-25 15:10:33 [[32minfo[39m]: [Agent4] Wrong code wallet=0xcccccccc… attempts=1/3
2026-02-25 15:10:33 [[32minfo[39m]: [Agent4] OTP VERIFIED wallet=0xdddddddd… session granted
2026-02-25 15:10:33 [[33mwarn[39m]: [Agent4] HARD_BLOCK wallet=0xeeeeeeee… too many failed attempts
2026-02-25 15:13:22 [[32minfo[39m]: Redis connected
2026-02-25 15:13:22 [[32minfo[39m]: ✅ Redis connected
2026-02-25 15:13:22 [[32minfo[39m]: 🚀 BlockAuth running on port 3000
2026-02-25 15:13:22 [[32minfo[39m]:    Mode: production
2026-02-25 15:13:24 [[32minfo[39m]: Redis connected
2026-02-25 15:13:25 [[32minfo[39m]: ✅ Redis connected
2026-02-25 15:13:25 [[32minfo[39m]: 🚀 BlockAuth running on port 3000
2026-02-25 15:13:25 [[32minfo[39m]:    Mode: production
2026-02-25 15:13:40 [[32minfo[39m]: ✅ Redis connected
2026-02-25 15:13:40 [[33mwarn[39m]: Rejected unknown platform key: wrong_ke...
2026-02-25 15:13:40 [[32minfo[39m]: [Pipeline] Starting for wallet=0xffffffff… ip=::ffff:127.0.0.1
2026-02-25 15:13:40 [[32minfo[39m]: [Pipeline] Done wallet=0xffffffff… score=0 action=ALLOW
2026-02-25 15:13:40 [[32minfo[39m]: [Pipeline] Starting for wallet=0xffffffff… ip=::ffff:127.0.0.1
2026-02-25 15:13:40 [[32minfo[39m]: [Pipeline] Done wallet=0xffffffff… score=0 action=ALLOW
2026-02-25 15:13:40 [[31merror[39m]: TypeError: The "key" argument must be of type string or an instance of ArrayBuffer, Buffer, TypedArray, DataView, KeyObject, or CryptoKey. Received undefined
    at prepareSecretKey (node:internal/crypto/keys:692:11)
    at new Hmac (node:internal/crypto/hash:141:9)
    at Object.createHmac (node:crypto:163:10)
    at createHmac (C:\Users\karim\Downloads\blockauth\blockauth\src\utils\otp.js:23:6)
    at hashOTP (C:\Users\karim\Downloads\blockauth\blockauth\src\utils\otp.js:32:25)
    at Object.verifyOTP [as verify] (C:\Users\karim\Downloads\blockauth\blockauth\src\agents\agent4_otp.js:124:19)
    at processTicksAndRejections (node:internal/process/task_queues:105:5)
    at C:\Users\karim\Downloads\blockauth\blockauth\src\routes\otp.js:66:20
2026-02-25 15:13:40 [[32minfo[39m]: [Agent4] Wrong code wallet=0xdddddddd… attempts=1/3
2026-02-25 15:13:40 [[32minfo[39m]: [Agent4] Wrong code wallet=0xeeeeeeee… attempts=1/3
2026-02-25 15:15:46 [[32minfo[39m]: Redis connected
2026-02-25 15:15:46 [[32minfo[39m]: ✅ Redis connected
2026-02-25 15:15:46 [[32minfo[39m]: 🚀 BlockAuth running on port 3000
2026-02-25 15:15:46 [[32minfo[39m]:    Mode: production
2026-02-25 15:16:04 [[32minfo[39m]: Redis connected
2026-02-25 15:16:04 [[32minfo[39m]: ✅ Redis connected
2026-02-25 15:16:04 [[32minfo[39m]: 🚀 BlockAuth running on port 3000
2026-02-25 15:16:04 [[32minfo[39m]:    Mode: production
2026-02-25 15:16:20 [[32minfo[39m]: Redis connected
2026-02-25 15:16:20 [[32minfo[39m]: ✅ Redis connected
2026-02-25 15:16:20 [[32minfo[39m]: 🚀 BlockAuth running on port 3000
2026-02-25 15:16:20 [[32minfo[39m]:    Mode: production
2026-02-25 15:16:32 [[32minfo[39m]: [Agent2] wallet=unknown… score=0/100 level=LOW
2026-02-25 15:16:32 [[32minfo[39m]: [Agent2] wallet=unknown… score=45/100 level=MEDIUM
2026-02-25 15:16:32 [[32minfo[39m]: [Agent2] wallet=unknown… score=70/100 level=MEDIUM
2026-02-25 15:16:32 [[32minfo[39m]: [Agent2] wallet=unknown… score=100/100 level=CRITICAL
2026-02-25 15:16:32 [[33mwarn[39m]: Rejected unknown platform key: wrong_ke...
2026-02-25 15:16:32 [[32minfo[39m]: [Pipeline] Starting for wallet=0xffffffff… ip=::ffff:127.0.0.1
2026-02-25 15:16:32 [[32minfo[39m]: [Pipeline] Done wallet=0xffffffff… score=0 action=ALLOW
2026-02-25 15:16:32 [[32minfo[39m]: [Pipeline] Starting for wallet=0xffffffff… ip=::ffff:127.0.0.1
2026-02-25 15:16:32 [[32minfo[39m]: [Pipeline] Done wallet=0xffffffff… score=0 action=OTP_REQUIRED
2026-02-25 15:16:32 [[31merror[39m]: TypeError: The "key" argument must be of type string or an instance of ArrayBuffer, Buffer, TypedArray, DataView, KeyObject, or CryptoKey. Received undefined
    at prepareSecretKey (node:internal/crypto/keys:692:11)
    at new Hmac (node:internal/crypto/hash:141:9)
    at Object.createHmac (node:crypto:163:10)
    at createHmac (C:\Users\karim\Downloads\blockauth\blockauth\src\utils\otp.js:23:6)
    at hashOTP (C:\Users\karim\Downloads\blockauth\blockauth\src\utils\otp.js:32:25)
    at Object.verifyOTP [as verify] (C:\Users\karim\Downloads\blockauth\blockauth\src\agents\agent4_otp.js:124:19)
    at processTicksAndRejections (node:internal/process/task_queues:105:5)
    at C:\Users\karim\Downloads\blockauth\blockauth\src\routes\otp.js:66:20
2026-02-25 15:16:32 [[32minfo[39m]: [Agent4] Wrong code wallet=0xdddddddd… attempts=1/3
2026-02-25 15:16:32 [[32minfo[39m]: [Agent4] Wrong code wallet=0xeeeeeeee… attempts=1/3
2026-02-25 15:17:48 [[32minfo[39m]: Redis connected
2026-02-25 15:17:48 [[32minfo[39m]: ✅ Redis connected
2026-02-25 15:17:48 [[32minfo[39m]: 🚀 BlockAuth running on port 3000
2026-02-25 15:17:48 [[32minfo[39m]:    Mode: production
2026-02-25 15:17:57 [[32minfo[39m]: [Agent2] wallet=unknown… score=0/100 level=LOW
2026-02-25 15:17:57 [[32minfo[39m]: [Agent2] wallet=unknown… score=45/100 level=MEDIUM
2026-02-25 15:17:57 [[32minfo[39m]: [Agent2] wallet=unknown… score=70/100 level=MEDIUM
2026-02-25 15:17:57 [[32minfo[39m]: [Agent2] wallet=unknown… score=100/100 level=CRITICAL
2026-02-25 15:17:57 [[33mwarn[39m]: Rejected unknown platform key: wrong_ke...
2026-02-25 15:17:57 [[32minfo[39m]: [Pipeline] Starting for wallet=0xffffffff… ip=::ffff:127.0.0.1
2026-02-25 15:17:57 [[32minfo[39m]: [Pipeline] Done wallet=0xffffffff… score=0 action=ALLOW
2026-02-25 15:17:57 [[32minfo[39m]: [Pipeline] Starting for wallet=0xffffffff… ip=::ffff:127.0.0.1
2026-02-25 15:17:57 [[32minfo[39m]: [Pipeline] Done wallet=0xffffffff… score=0 action=OTP_REQUIRED
2026-02-25 15:17:57 [[31merror[39m]: TypeError: The "key" argument must be of type string or an instance of ArrayBuffer, Buffer, TypedArray, DataView, KeyObject, or CryptoKey. Received undefined
    at prepareSecretKey (node:internal/crypto/keys:692:11)
    at new Hmac (node:internal/crypto/hash:141:9)
    at Object.createHmac (node:crypto:163:10)
    at createHmac (C:\Users\karim\Downloads\blockauth\blockauth\src\utils\otp.js:23:6)
    at hashOTP (C:\Users\karim\Downloads\blockauth\blockauth\src\utils\otp.js:32:25)
    at Object.verifyOTP [as verify] (C:\Users\karim\Downloads\blockauth\blockauth\src\agents\agent4_otp.js:124:19)
    at processTicksAndRejections (node:internal/process/task_queues:105:5)
    at C:\Users\karim\Downloads\blockauth\blockauth\src\routes\otp.js:66:20
2026-02-25 15:17:57 [[32minfo[39m]: [Agent4] Wrong code wallet=0xdddddddd… attempts=1/3
2026-02-25 15:17:57 [[32minfo[39m]: [Agent4] Wrong code wallet=0xeeeeeeee… attempts=1/3
2026-02-25 15:21:03 [[32minfo[39m]: Redis connected
2026-02-25 15:21:03 [[32minfo[39m]: ✅ Redis connected
2026-02-25 15:21:03 [[32minfo[39m]: 🚀 BlockAuth running on port 3000
2026-02-25 15:21:03 [[32minfo[39m]:    Mode: production
2026-02-25 15:21:05 [[32minfo[39m]: Redis connected
2026-02-25 15:21:05 [[32minfo[39m]: ✅ Redis connected
2026-02-25 15:21:05 [[32minfo[39m]: 🚀 BlockAuth running on port 3000
2026-02-25 15:21:05 [[32minfo[39m]:    Mode: production
2026-02-25 15:21:21 [[32minfo[39m]: [Agent2] wallet=unknown… score=0/100 level=LOW
2026-02-25 15:21:21 [[32minfo[39m]: [Agent2] wallet=unknown… score=45/100 level=MEDIUM
2026-02-25 15:21:21 [[32minfo[39m]: [Agent2] wallet=unknown… score=70/100 level=MEDIUM
2026-02-25 15:21:21 [[32minfo[39m]: [Agent2] wallet=unknown… score=100/100 level=CRITICAL
2026-02-25 15:21:21 [[33mwarn[39m]: Rejected unknown platform key: wrong_ke...
2026-02-25 15:21:21 [[32minfo[39m]: [Pipeline] Starting for wallet=0xffffffff… ip=::ffff:127.0.0.1
2026-02-25 15:21:21 [[32minfo[39m]: [Pipeline] Done wallet=0xffffffff… score=0 action=ALLOW
2026-02-25 15:21:21 [[32minfo[39m]: [Pipeline] Starting for wallet=0xffffffff… ip=::ffff:127.0.0.1
2026-02-25 15:21:21 [[32minfo[39m]: [Pipeline] Done wallet=0xffffffff… score=0 action=OTP_REQUIRED
2026-02-25 15:21:21 [[32minfo[39m]: [Agent4] Wrong code wallet=0xcccccccc… attempts=1/3
2026-02-25 15:21:21 [[32minfo[39m]: [Agent4] OTP VERIFIED wallet=0xdddddddd… session granted
2026-02-25 15:21:21 [[33mwarn[39m]: [Agent4] HARD_BLOCK wallet=0xeeeeeeee… too many failed attempts
2026-02-25 15:24:18 [[32minfo[39m]: Redis connected
2026-02-25 15:24:18 [[32minfo[39m]: ✅ Redis connected
2026-02-25 15:24:18 [[32minfo[39m]: 🚀 BlockAuth running on port 3000
2026-02-25 15:24:18 [[32minfo[39m]:    Mode: production
2026-02-25 15:24:19 [[32minfo[39m]: Redis connected
2026-02-25 15:24:19 [[32minfo[39m]: ✅ Redis connected
2026-02-25 15:24:19 [[32minfo[39m]: 🚀 BlockAuth running on port 3000
2026-02-25 15:24:19 [[32minfo[39m]:    Mode: production
2026-02-25 15:24:23 [[32minfo[39m]: Redis connected
2026-02-25 15:24:23 [[32minfo[39m]: ✅ Redis connected
2026-02-25 15:24:23 [[32minfo[39m]: 🚀 BlockAuth running on port 3000
2026-02-25 15:24:23 [[32minfo[39m]:    Mode: production
2026-02-25 15:29:26 [[32minfo[39m]: Redis connected
2026-02-25 15:29:26 [[32minfo[39m]: ✅ Redis connected
2026-02-25 15:29:26 [[32minfo[39m]: 🚀 BlockAuth running on port 3000
2026-02-25 15:29:26 [[32minfo[39m]:    Mode: production
2026-02-26 08:59:24 [[31merror[39m]: Redis error:
2026-02-26 09:01:14 [[31merror[39m]: Redis error:
2026-02-26 09:04:00 [[32minfo[39m]: Redis connected
2026-02-26 09:04:00 [[32minfo[39m]: ✅ Redis connected
2026-02-26 09:04:00 [[32minfo[39m]: 🚀 BlockAuth running on port 3000
2026-02-26 09:04:00 [[32minfo[39m]:    Mode: production
2026-02-26 09:05:35 [[32minfo[39m]: [Agent2] wallet=unknown… score=0/100 level=LOW
2026-02-26 09:05:35 [[32minfo[39m]: [Agent2] wallet=unknown… score=45/100 level=MEDIUM
2026-02-26 09:05:35 [[32minfo[39m]: [Agent2] wallet=unknown… score=70/100 level=MEDIUM
2026-02-26 09:05:35 [[32minfo[39m]: [Agent2] wallet=unknown… score=100/100 level=CRITICAL
2026-02-26 09:05:35 [[33mwarn[39m]: Rejected unknown platform key: wrong_ke...
2026-02-26 09:05:35 [[32minfo[39m]: [Pipeline] Starting for wallet=0xffffffff… ip=::ffff:127.0.0.1
2026-02-26 09:05:35 [[32minfo[39m]: [Pipeline] Done wallet=0xffffffff… score=0 action=ALLOW
2026-02-26 09:05:35 [[32minfo[39m]: [Pipeline] Starting for wallet=0xffffffff… ip=::ffff:127.0.0.1
2026-02-26 09:05:35 [[32minfo[39m]: [Pipeline] Done wallet=0xffffffff… score=0 action=OTP_REQUIRED
2026-02-26 09:05:35 [[32minfo[39m]: [Agent4] Wrong code wallet=0xcccccccc… attempts=1/3
2026-02-26 09:05:35 [[32minfo[39m]: [Agent4] OTP VERIFIED wallet=0xdddddddd… session granted
2026-02-26 09:05:35 [[33mwarn[39m]: [Agent4] HARD_BLOCK wallet=0xeeeeeeee… too many failed attempts
2026-02-26 09:07:40 [[32minfo[39m]: Redis connected
2026-02-26 09:07:40 [[31merror[39m]: Redis error:
2026-02-26 09:07:40 [[32minfo[39m]: Redis connected
2026-02-26 09:07:45 [[31merror[39m]: Redis error:
2026-02-26 09:07:45 [[31merror[39m]: Redis error:
2026-02-26 09:07:45 [[31merror[39m]: Redis error:
2026-02-26 09:07:45 [[31merror[39m]: Redis error:
2026-02-26 09:07:46 [[31merror[39m]: Redis error:
2026-02-26 09:07:46 [[31merror[39m]: Redis error:
2026-02-26 09:07:47 [[31merror[39m]: Redis error:
2026-02-26 09:07:47 [[31merror[39m]: Redis error:
2026-02-26 09:07:48 [[31merror[39m]: Redis error:
2026-02-26 09:07:48 [[31merror[39m]: Redis error:
2026-02-26 09:07:49 [[31merror[39m]: Redis error:
2026-02-26 09:07:50 [[31merror[39m]: Redis error:
2026-02-26 09:07:51 [[31merror[39m]: Redis error:
2026-02-26 09:07:51 [[31merror[39m]: Redis error:
2026-02-26 09:07:52 [[31merror[39m]: Redis error:
2026-02-26 09:07:53 [[31merror[39m]: Redis error:
2026-02-26 09:07:54 [[31merror[39m]: Redis error:
2026-02-26 09:07:55 [[31merror[39m]: Redis error:
2026-02-26 09:07:57 [[31merror[39m]: Redis error:
2026-02-26 09:07:58 [[31merror[39m]: Redis error:
2026-02-26 09:07:59 [[31merror[39m]: Redis error:
2026-02-26 09:08:00 [[31merror[39m]: Redis error:
2026-02-26 09:08:02 [[31merror[39m]: Redis error:
2026-02-26 09:08:03 [[31merror[39m]: Redis error:
2026-02-26 09:08:05 [[31merror[39m]: Redis error:
2026-02-26 09:08:06 [[31merror[39m]: Redis error:
2026-02-26 09:08:08 [[32minfo[39m]: Redis connected
2026-02-26 09:15:44 [[32minfo[39m]: Redis connected
2026-02-26 09:15:44 [[32minfo[39m]: ✅ Redis connected
2026-02-26 09:15:44 [[32minfo[39m]: 🚀 BlockAuth running on port 3000
2026-02-26 09:15:44 [[32minfo[39m]:    Mode: production
2026-02-26 09:19:29 [[32minfo[39m]: Redis connected
2026-02-26 09:19:29 [[32minfo[39m]: ✅ Redis connected
2026-02-26 09:19:29 [[32minfo[39m]: 🚀 BlockAuth running on port 3000
2026-02-26 09:19:29 [[32minfo[39m]:    Mode: production
2026-02-26 09:24:58 [[32minfo[39m]: Redis connected
2026-02-26 09:24:58 [[32minfo[39m]: ✅ Redis connected
2026-02-26 09:24:58 [[32minfo[39m]: 🚀 BlockAuth running on port 3000
2026-02-26 09:24:58 [[32minfo[39m]:    Mode: production
2026-02-26 09:27:24 [[32minfo[39m]: Redis connected
2026-02-26 09:27:24 [[32minfo[39m]: ✅ Redis connected
2026-02-26 09:27:24 [[32minfo[39m]: 🚀 BlockAuth running on port 3000
2026-02-26 09:27:24 [[32minfo[39m]:    Mode: production
2026-02-26 09:43:59 [[32minfo[39m]: Redis connected
2026-02-26 09:43:59 [[32minfo[39m]: ✅ Redis connected
2026-02-26 09:43:59 [[32minfo[39m]: 🚀 BlockAuth running on port 3000
2026-02-26 09:43:59 [[32minfo[39m]:    Mode: production
2026-02-26 09:45:17 [[32minfo[39m]: Redis connected
2026-02-26 09:45:17 [[32minfo[39m]: ✅ Redis connected
2026-02-26 09:45:17 [[32minfo[39m]: 🚀 BlockAuth running on port 3000
2026-02-26 09:45:17 [[32minfo[39m]:    Mode: production
2026-02-26 09:55:21 [[32minfo[39m]: Redis connected
2026-02-26 09:55:21 [[32minfo[39m]: ✅ Redis connected
2026-02-26 09:55:21 [[32minfo[39m]: 🚀 BlockAuth running on port 3000
2026-02-26 09:55:21 [[32minfo[39m]:    Mode: production
2026-02-26 10:02:14 [[32minfo[39m]: Redis connected
2026-02-26 10:02:14 [[32minfo[39m]: ✅ Redis connected
2026-02-26 10:02:14 [[32minfo[39m]: 🚀 BlockAuth running on port 3000
2026-02-26 10:02:14 [[32minfo[39m]:    Mode: production
2026-02-26 10:03:50 [[32minfo[39m]: Redis connected
2026-02-26 10:03:50 [[32minfo[39m]: ✅ Redis connected
2026-02-26 10:03:50 [[32minfo[39m]: 🚀 BlockAuth running on port 3000
2026-02-26 10:03:50 [[32minfo[39m]:    Mode: production
2026-02-26 10:11:59 [[32minfo[39m]: Redis connected
2026-02-26 10:11:59 [[32minfo[39m]: ✅ Redis connected
2026-02-26 10:11:59 [[32minfo[39m]: 🚀 BlockAuth running on port 3000
2026-02-26 10:11:59 [[32minfo[39m]:    Mode: production
2026-02-26 10:13:14 [[32minfo[39m]: Redis connected
2026-02-26 10:13:14 [[32minfo[39m]: ✅ Redis connected
2026-02-26 10:13:14 [[32minfo[39m]: 🚀 BlockAuth running on port 3000
2026-02-26 10:13:14 [[32minfo[39m]:    Mode: production
2026-02-26 10:13:31 [[32minfo[39m]: Redis connected
2026-02-26 10:13:31 [[32minfo[39m]: ✅ Redis connected
2026-02-26 10:13:31 [[32minfo[39m]: 🚀 BlockAuth running on port 3000
2026-02-26 10:13:31 [[32minfo[39m]:    Mode: production
2026-02-26 10:26:56 [[32minfo[39m]: Redis connected
2026-02-26 10:26:56 [[32minfo[39m]: ✅ Redis connected
2026-02-26 10:26:56 [[32minfo[39m]: 🚀 BlockAuth running on port 3000
2026-02-26 10:26:56 [[32minfo[39m]:    Mode: production
2026-02-26 10:26:59 [[32minfo[39m]: Redis connected
2026-02-26 10:26:59 [[32minfo[39m]: ✅ Redis connected
2026-02-26 10:26:59 [[32minfo[39m]: 🚀 BlockAuth running on port 3000
2026-02-26 10:26:59 [[32minfo[39m]:    Mode: production
2026-02-26 10:27:50 [[32minfo[39m]: Redis connected
2026-02-26 10:27:50 [[32minfo[39m]: ✅ Redis connected
2026-02-26 10:27:50 [[32minfo[39m]: 🚀 BlockAuth running on port 3000
2026-02-26 10:27:50 [[32minfo[39m]:    Mode: production
2026-02-26 10:30:19 [[32minfo[39m]: Redis connected
2026-02-26 10:30:19 [[32minfo[39m]: ✅ Redis connected
2026-02-26 10:30:19 [[32minfo[39m]: 🚀 BlockAuth running on port 3000
2026-02-26 10:30:19 [[32minfo[39m]:    Mode: production
2026-02-26 10:31:26 [[32minfo[39m]: Redis connected
2026-02-26 10:31:26 [[32minfo[39m]: ✅ Redis connected
2026-02-26 10:31:26 [[32minfo[39m]: 🚀 BlockAuth running on port 3000
2026-02-26 10:31:26 [[32minfo[39m]:    Mode: production
2026-02-26 10:35:14 [[32minfo[39m]: Redis connected
2026-02-26 10:35:14 [[32minfo[39m]: ✅ Redis connected
2026-02-26 10:35:14 [[32minfo[39m]: 🚀 BlockAuth running on port 3000
2026-02-26 10:35:14 [[32minfo[39m]:    Mode: production
2026-02-26 10:43:16 [[32minfo[39m]: Redis connected
2026-02-26 10:43:16 [[32minfo[39m]: ✅ Redis connected
2026-02-26 10:43:16 [[32minfo[39m]: 🚀 BlockAuth running on port 3000
2026-02-26 10:43:16 [[32minfo[39m]:    Mode: production
2026-02-26 10:58:01 [[32minfo[39m]: Redis connected
2026-02-26 10:58:01 [[32minfo[39m]: ✅ Redis connected
2026-02-26 10:58:01 [[32minfo[39m]: 🚀 BlockAuth running on port 3000
2026-02-26 10:58:01 [[32minfo[39m]:    Mode: production
2026-02-26 11:05:08 [[32minfo[39m]: Redis connected
2026-02-26 11:05:08 [[32minfo[39m]: ✅ Redis connected
2026-02-26 11:05:08 [[32minfo[39m]: 🚀 BlockAuth running on port 3000
2026-02-26 11:05:08 [[32minfo[39m]:    Mode: production
2026-02-26 11:08:56 [[32minfo[39m]: [Pipeline] Starting for wallet=0xc9288C8f… ip=::1
2026-02-26 11:08:56 [[32minfo[39m]: [Agent1] wallet=0xc9288C8f… signals=[FIRST_LOGIN]
2026-02-26 11:08:56 [[32minfo[39m]: [Agent2] wallet=0xc9288C8f… score=0/100 level=LOW
2026-02-26 11:08:56 [[32minfo[39m]: [Agent3] ALLOW wallet=0xc9288C8f… score=0
2026-02-26 11:08:56 [[32minfo[39m]: [Pipeline] Done wallet=0xc9288C8f… score=0 action=ALLOW
2026-02-26 11:09:38 [[32minfo[39m]: [Pipeline] Starting for wallet=0xc9288C8f… ip=::1
2026-02-26 11:09:38 [[32minfo[39m]: [Agent1] wallet=0xc9288C8f… signals=[none]
2026-02-26 11:09:38 [[32minfo[39m]: [Agent2] wallet=0xc9288C8f… score=0/100 level=LOW
2026-02-26 11:09:38 [[32minfo[39m]: [Agent3] ALLOW wallet=0xc9288C8f… score=0
2026-02-26 11:09:38 [[32minfo[39m]: [Pipeline] Done wallet=0xc9288C8f… score=0 action=ALLOW
2026-02-26 11:16:37 [[32minfo[39m]: [Pipeline] Starting for wallet=0xc9288C8f… ip=::1
2026-02-26 11:16:37 [[32minfo[39m]: [Agent1] wallet=0xc9288C8f… signals=[none]
2026-02-26 11:16:37 [[32minfo[39m]: [Agent2] wallet=0xc9288C8f… score=0/100 level=LOW
2026-02-26 11:16:37 [[32minfo[39m]: [Agent3] ALLOW wallet=0xc9288C8f… score=0
2026-02-26 11:16:37 [[32minfo[39m]: [Pipeline] Done wallet=0xc9288C8f… score=0 action=ALLOW
2026-02-26 11:47:47 [[32minfo[39m]: Redis connected
2026-02-26 11:47:47 [[32minfo[39m]: ✅ Redis connected
2026-02-26 11:47:47 [[32minfo[39m]: 🚀 BlockAuth running on port 3000
2026-02-26 11:47:47 [[32minfo[39m]:    Mode: production
2026-02-26 11:48:17 [[32minfo[39m]: [Pipeline] Starting for wallet=0xc9288C8f… ip=::1
2026-02-26 11:48:17 [[32minfo[39m]: [Agent1] wallet=0xc9288C8f… signals=[none]
2026-02-26 11:48:17 [[32minfo[39m]: [Agent2] wallet=0xc9288C8f… score=0/100 level=LOW
2026-02-26 11:48:17 [[32minfo[39m]: [Agent3] ALLOW wallet=0xc9288C8f… score=0
2026-02-26 11:48:17 [[32minfo[39m]: [Pipeline] Done wallet=0xc9288C8f… score=0 action=ALLOW
2026-02-26 11:50:11 [[32minfo[39m]: [Pipeline] Starting for wallet=0xc9288C8f… ip=::1
2026-02-26 11:50:11 [[32minfo[39m]: [Agent1] wallet=0xc9288C8f… signals=[NEW_DEVICE]
2026-02-26 11:50:11 [[32minfo[39m]: [Agent2] wallet=0xc9288C8f… score=20/100 level=LOW
2026-02-26 11:50:11 [[32minfo[39m]: [Agent3] ALLOW wallet=0xc9288C8f… score=20
2026-02-26 11:50:11 [[32minfo[39m]: [Pipeline] Done wallet=0xc9288C8f… score=20 action=ALLOW
2026-02-26 11:50:24 [[32minfo[39m]: [Pipeline] Starting for wallet=0xc9288C8f… ip=::1
2026-02-26 11:50:24 [[32minfo[39m]: [Agent1] wallet=0xc9288C8f… signals=[none]
2026-02-26 11:50:24 [[32minfo[39m]: [Agent2] wallet=0xc9288C8f… score=0/100 level=LOW
2026-02-26 11:50:24 [[32minfo[39m]: [Agent3] ALLOW wallet=0xc9288C8f… score=0
2026-02-26 11:50:24 [[32minfo[39m]: [Pipeline] Done wallet=0xc9288C8f… score=0 action=ALLOW
2026-02-26 11:52:22 [[32minfo[39m]: [Pipeline] Starting for wallet=0xc9288C8f… ip=::1
2026-02-26 11:52:22 [[32minfo[39m]: [Agent1] wallet=0xc9288C8f… signals=[none]
2026-02-26 11:52:22 [[32minfo[39m]: [Agent2] wallet=0xc9288C8f… score=0/100 level=LOW
2026-02-26 11:52:22 [[32minfo[39m]: [Agent3] ALLOW wallet=0xc9288C8f… score=0
2026-02-26 11:52:22 [[32minfo[39m]: [Pipeline] Done wallet=0xc9288C8f… score=0 action=ALLOW
2026-02-26 11:52:32 [[32minfo[39m]: [Pipeline] Starting for wallet=0xc9288C8f… ip=::1
2026-02-26 11:52:32 [[32minfo[39m]: [Agent1] wallet=0xc9288C8f… signals=[none]
2026-02-26 11:52:32 [[32minfo[39m]: [Agent2] wallet=0xc9288C8f… score=0/100 level=LOW
2026-02-26 11:52:32 [[32minfo[39m]: [Agent3] ALLOW wallet=0xc9288C8f… score=0
2026-02-26 11:52:32 [[32minfo[39m]: [Pipeline] Done wallet=0xc9288C8f… score=0 action=ALLOW
2026-02-26 11:57:03 [[32minfo[39m]: [Pipeline] Starting for wallet=0xc9288C8f… ip=::1
2026-02-26 11:57:03 [[32minfo[39m]: [Agent1] wallet=0xc9288C8f… signals=[none]
2026-02-26 11:57:03 [[32minfo[39m]: [Agent2] wallet=0xc9288C8f… score=0/100 level=LOW
2026-02-26 11:57:03 [[32minfo[39m]: [Agent3] ALLOW wallet=0xc9288C8f… score=0
2026-02-26 11:57:03 [[32minfo[39m]: [Pipeline] Done wallet=0xc9288C8f… score=0 action=ALLOW
2026-02-26 11:57:30 [[32minfo[39m]: [Pipeline] Starting for wallet=0xc9288C8f… ip=::1
2026-02-26 11:57:30 [[32minfo[39m]: [Agent1] wallet=0xc9288C8f… signals=[none]
2026-02-26 11:57:30 [[32minfo[39m]: [Agent2] wallet=0xc9288C8f… score=0/100 level=LOW
2026-02-26 11:57:30 [[32minfo[39m]: [Agent3] ALLOW wallet=0xc9288C8f… score=0
2026-02-26 11:57:30 [[32minfo[39m]: [Pipeline] Done wallet=0xc9288C8f… score=0 action=ALLOW
2026-02-26 11:58:35 [[32minfo[39m]: Redis connected
2026-02-26 11:58:35 [[32minfo[39m]: ✅ Redis connected
2026-02-26 11:58:35 [[32minfo[39m]: 🚀 BlockAuth running on port 3000
2026-02-26 11:58:35 [[32minfo[39m]:    Mode: development
2026-02-26 11:58:45 [[32minfo[39m]: Redis connected
2026-02-26 11:58:45 [[32minfo[39m]: ✅ Redis connected
2026-02-26 11:58:45 [[32minfo[39m]: 🚀 BlockAuth running on port 3000
2026-02-26 11:58:45 [[32minfo[39m]:    Mode: development
2026-02-26 11:58:56 [[32minfo[39m]: [Pipeline] Starting for wallet=0xc9288C8f… ip=::1
2026-02-26 11:58:56 [[32minfo[39m]: [Agent1] wallet=0xc9288C8f… signals=[ODD_HOURS, CONCURRENT_SESSION]
2026-02-26 11:58:56 [[32minfo[39m]: [Agent2] wallet=0xc9288C8f… score=45/100 level=MEDIUM
2026-02-26 11:58:59 [[31merror[39m]: [Agent4] Email dispatch failed: Unauthorized
2026-02-26 11:59:00 [[31merror[39m]: [Agent4] SMS dispatch failed: Authentication Error - invalid username
2026-02-26 11:59:00 [[33mwarn[39m]: [Agent4] No delivery channel available for wallet 0xc9288C8f…
2026-02-26 11:59:00 [[32minfo[39m]: [Agent3] OTP_REQUIRED wallet=0xc9288C8f… level=MEDIUM
2026-02-26 11:59:00 [[32minfo[39m]: [Pipeline] Done wallet=0xc9288C8f… score=45 action=OTP_REQUIRED
2026-02-26 12:02:22 [[32minfo[39m]: Redis connected
2026-02-26 12:02:22 [[32minfo[39m]: ✅ Redis connected
2026-02-26 12:02:22 [[32minfo[39m]: 🚀 BlockAuth running on port 3000
2026-02-26 12:02:22 [[32minfo[39m]:    Mode: development
2026-02-26 12:08:55 [[32minfo[39m]: Redis connected
2026-02-26 12:08:55 [[32minfo[39m]: ✅ Redis connected
2026-02-26 12:08:55 [[32minfo[39m]: 🚀 BlockAuth running on port 3000
2026-02-26 12:08:55 [[32minfo[39m]:    Mode: development
2026-02-26 12:09:24 [[32minfo[39m]: Redis connected
2026-02-26 12:09:24 [[32minfo[39m]: ✅ Redis connected
2026-02-26 12:09:24 [[32minfo[39m]: 🚀 BlockAuth running on port 3000
2026-02-26 12:09:24 [[32minfo[39m]:    Mode: development
2026-02-26 12:10:50 [[32minfo[39m]: Redis connected
2026-02-26 12:10:50 [[32minfo[39m]: ✅ Redis connected
2026-02-26 12:10:50 [[32minfo[39m]: 🚀 BlockAuth running on port 3000
2026-02-26 12:10:50 [[32minfo[39m]:    Mode: development
2026-02-26 12:11:24 [[32minfo[39m]: [Pipeline] Starting for wallet=0xc9288C8f… ip=::1
2026-02-26 12:11:24 [[32minfo[39m]: [Agent1] wallet=0xc9288C8f… signals=[CONCURRENT_SESSION]
2026-02-26 12:11:24 [[32minfo[39m]: [Agent2] wallet=0xc9288C8f… score=35/100 level=MEDIUM
2026-02-26 12:11:36 [[31merror[39m]: [Agent4] Email dispatch failed: Invalid login: 535-5.7.8 Username and Password not accepted. For more information, go to
535 5.7.8  https://support.google.com/mail/?p=BadCredentials 5b1f17b1804b1-483bfb296bfsm45499145e9.0 - gsmtp
2026-02-26 12:11:37 [[31merror[39m]: [Agent4] SMS dispatch failed: Authentication Error - invalid username
2026-02-26 12:11:37 [[33mwarn[39m]: [Agent4] No delivery channel available for wallet 0xc9288C8f…
2026-02-26 12:11:37 [[32minfo[39m]: [Agent3] OTP_REQUIRED wallet=0xc9288C8f… level=MEDIUM
2026-02-26 12:11:37 [[32minfo[39m]: [Pipeline] Done wallet=0xc9288C8f… score=35 action=OTP_REQUIRED
2026-02-26 12:12:14 [[32minfo[39m]: [Agent4] Wrong code wallet=0xc9288C8f… attempts=1/3
2026-02-26 12:15:51 [[32minfo[39m]: Redis connected
2026-02-26 12:15:51 [[32minfo[39m]: ✅ Redis connected
2026-02-26 12:15:51 [[32minfo[39m]: 🚀 BlockAuth running on port 3000
2026-02-26 12:15:51 [[32minfo[39m]:    Mode: development
2026-02-26 12:16:11 [[32minfo[39m]: [Pipeline] Starting for wallet=0xc9288C8f… ip=::1
2026-02-26 12:16:11 [[32minfo[39m]: [Agent1] wallet=0xc9288C8f… signals=[CONCURRENT_SESSION]
2026-02-26 12:16:11 [[32minfo[39m]: [Agent2] wallet=0xc9288C8f… score=35/100 level=MEDIUM
2026-02-26 12:16:23 [[31merror[39m]: [Agent4] Email dispatch failed: Invalid login: 535-5.7.8 Username and Password not accepted. For more information, go to
535 5.7.8  https://support.google.com/mail/?p=BadCredentials ffacd0b85a97d-43970d4c95dsm45180544f8f.33 - gsmtp
2026-02-26 12:16:24 [[31merror[39m]: [Agent4] SMS dispatch failed: Authentication Error - invalid username
2026-02-26 12:16:24 [[33mwarn[39m]: [Agent4] No delivery channel available for wallet 0xc9288C8f…
2026-02-26 12:16:24 [[32minfo[39m]: [Agent3] OTP_REQUIRED wallet=0xc9288C8f… level=MEDIUM
2026-02-26 12:16:24 [[32minfo[39m]: [Pipeline] Done wallet=0xc9288C8f… score=35 action=OTP_REQUIRED
2026-02-26 12:16:29 [[32minfo[39m]: [Agent4] Wrong code wallet=0xc9288C8f… attempts=1/3
2026-02-26 12:18:03 [[32minfo[39m]: [Pipeline] Starting for wallet=0xc9288C8f… ip=::1
2026-02-26 12:18:03 [[32minfo[39m]: [Agent1] wallet=0xc9288C8f… signals=[CONCURRENT_SESSION]
2026-02-26 12:18:03 [[32minfo[39m]: [Agent2] wallet=0xc9288C8f… score=35/100 level=MEDIUM
2026-02-26 12:18:03 [[31merror[39m]: [Agent4] Email dispatch failed: Invalid login: 535-5.7.8 Username and Password not accepted. For more information, go to
535 5.7.8  https://support.google.com/mail/?p=BadCredentials ffacd0b85a97d-43970d3fc12sm39439071f8f.24 - gsmtp
2026-02-26 12:18:07 [[31merror[39m]: [Agent4] SMS dispatch failed: Authentication Error - invalid username
2026-02-26 12:18:07 [[33mwarn[39m]: [Agent4] No delivery channel available for wallet 0xc9288C8f…
2026-02-26 12:18:07 [[32minfo[39m]: [Agent3] OTP_REQUIRED wallet=0xc9288C8f… level=MEDIUM
2026-02-26 12:18:07 [[32minfo[39m]: [Pipeline] Done wallet=0xc9288C8f… score=35 action=OTP_REQUIRED
2026-02-26 12:22:08 [[32minfo[39m]: Redis connected
2026-02-26 12:22:08 [[32minfo[39m]: ✅ Redis connected
2026-02-26 12:22:08 [[32minfo[39m]: 🚀 BlockAuth running on port 3000
2026-02-26 12:22:08 [[32minfo[39m]:    Mode: development
2026-02-26 12:22:44 [[32minfo[39m]: [Pipeline] Starting for wallet=0xc9288C8f… ip=::1
2026-02-26 12:22:44 [[32minfo[39m]: [Agent1] wallet=0xc9288C8f… signals=[none]
2026-02-26 12:22:44 [[32minfo[39m]: [Agent2] wallet=0xc9288C8f… score=0/100 level=LOW
2026-02-26 12:22:44 [[32minfo[39m]: [Agent3] ALLOW wallet=0xc9288C8f… score=0
2026-02-26 12:22:44 [[32minfo[39m]: [Pipeline] Done wallet=0xc9288C8f… score=0 action=ALLOW
2026-02-26 12:22:54 [[32minfo[39m]: [Pipeline] Starting for wallet=0xc9288C8f… ip=::1
2026-02-26 12:22:54 [[32minfo[39m]: [Agent1] wallet=0xc9288C8f… signals=[CONCURRENT_SESSION]
2026-02-26 12:22:54 [[32minfo[39m]: [Agent2] wallet=0xc9288C8f… score=35/100 level=MEDIUM
2026-02-26 12:23:05 [[31merror[39m]: [Agent4] Email dispatch failed: Invalid login: 535-5.7.8 Username and Password not accepted. For more information, go to
535 5.7.8  https://support.google.com/mail/?p=BadCredentials 5b1f17b1804b1-483c3b84139sm44157145e9.14 - gsmtp
2026-02-26 12:23:07 [[31merror[39m]: [Agent4] SMS dispatch failed: Authentication Error - invalid username
2026-02-26 12:23:07 [[33mwarn[39m]: [Agent4] No delivery channel available for wallet 0xc9288C8f…
2026-02-26 12:23:07 [[32minfo[39m]: [Agent3] OTP_REQUIRED wallet=0xc9288C8f… level=MEDIUM
2026-02-26 12:23:07 [[32minfo[39m]: [Pipeline] Done wallet=0xc9288C8f… score=35 action=OTP_REQUIRED
2026-02-26 12:27:34 [[32minfo[39m]: Redis connected
2026-02-26 12:27:35 [[32minfo[39m]: ✅ Redis connected
2026-02-26 12:27:35 [[32minfo[39m]: 🚀 BlockAuth running on port 3000
2026-02-26 12:27:35 [[32minfo[39m]:    Mode: development
2026-02-26 12:27:37 [[32minfo[39m]: Redis connected
2026-02-26 12:27:37 [[32minfo[39m]: ✅ Redis connected
2026-02-26 12:27:37 [[32minfo[39m]: 🚀 BlockAuth running on port 3000
2026-02-26 12:27:37 [[32minfo[39m]:    Mode: development
2026-02-26 12:27:51 [[32minfo[39m]: [Pipeline] Starting for wallet=0xc9288C8f… ip=::1
2026-02-26 12:27:51 [[32minfo[39m]: [Agent1] wallet=0xc9288C8f… signals=[CONCURRENT_SESSION]
2026-02-26 12:27:51 [[32minfo[39m]: [Agent2] wallet=0xc9288C8f… score=35/100 level=MEDIUM
2026-02-26 12:28:03 [[31merror[39m]: [Agent4] Email dispatch failed: Invalid login: 535-5.7.8 Username and Password not accepted. For more information, go to
535 5.7.8  https://support.google.com/mail/?p=BadCredentials ffacd0b85a97d-43970d4c982sm40525530f8f.31 - gsmtp
2026-02-26 12:28:04 [[31merror[39m]: [Agent4] SMS dispatch failed: Authentication Error - invalid username
2026-02-26 12:28:04 [[33mwarn[39m]: [Agent4] No delivery channel available for wallet 0xc9288C8f…
2026-02-26 12:28:04 [[32minfo[39m]: [Agent3] OTP_REQUIRED wallet=0xc9288C8f… level=MEDIUM
2026-02-26 12:28:04 [[32minfo[39m]: [Pipeline] Done wallet=0xc9288C8f… score=35 action=OTP_REQUIRED
2026-02-26 12:28:43 [[32minfo[39m]: [Agent4] OTP VERIFIED wallet=0xc9288C8f… session granted
2026-02-26 12:30:35 [[32minfo[39m]: [Pipeline] Starting for wallet=0xc9288C8f… ip=::1
2026-02-26 12:30:35 [[32minfo[39m]: [Agent1] wallet=0xc9288C8f… signals=[CONCURRENT_SESSION]
2026-02-26 12:30:35 [[32minfo[39m]: [Agent2] wallet=0xc9288C8f… score=35/100 level=MEDIUM
2026-02-26 12:30:36 [[31merror[39m]: [Agent4] Email dispatch failed: Invalid login: 535-5.7.8 Username and Password not accepted. For more information, go to
535 5.7.8  https://support.google.com/mail/?p=BadCredentials 5b1f17b1804b1-483bfb77466sm47379965e9.5 - gsmtp
2026-02-26 12:30:37 [[31merror[39m]: [Agent4] SMS dispatch failed: Authentication Error - invalid username
2026-02-26 12:30:37 [[33mwarn[39m]: [Agent4] No delivery channel available for wallet 0xc9288C8f…
2026-02-26 12:30:37 [[32minfo[39m]: [Agent3] OTP_REQUIRED wallet=0xc9288C8f… level=MEDIUM
2026-02-26 12:30:37 [[32minfo[39m]: [Pipeline] Done wallet=0xc9288C8f… score=35 action=OTP_REQUIRED
2026-02-26 12:32:20 [[32minfo[39m]: [Pipeline] Starting for wallet=0xc9288C8f… ip=::1
2026-02-26 12:32:20 [[32minfo[39m]: [Agent1] wallet=0xc9288C8f… signals=[CONCURRENT_SESSION]
2026-02-26 12:32:20 [[32minfo[39m]: [Agent2] wallet=0xc9288C8f… score=35/100 level=MEDIUM
2026-02-26 12:32:22 [[31merror[39m]: [Agent4] Email dispatch failed: Invalid login: 535-5.7.8 Username and Password not accepted. For more information, go to
535 5.7.8  https://support.google.com/mail/?p=BadCredentials ffacd0b85a97d-43970bfa015sm40576223f8f.8 - gsmtp
2026-02-26 12:32:22 [[31merror[39m]: [Agent4] SMS dispatch failed: Authentication Error - invalid username
2026-02-26 12:32:22 [[33mwarn[39m]: [Agent4] No delivery channel available for wallet 0xc9288C8f…
2026-02-26 12:32:22 [[32minfo[39m]: [Agent3] OTP_REQUIRED wallet=0xc9288C8f… level=MEDIUM
2026-02-26 12:32:22 [[32minfo[39m]: [Pipeline] Done wallet=0xc9288C8f… score=35 action=OTP_REQUIRED
2026-02-26 12:33:29 [[32minfo[39m]: [Pipeline] Starting for wallet=0xc9288C8f… ip=::1
2026-02-26 12:33:29 [[32minfo[39m]: [Agent1] wallet=0xc9288C8f… signals=[CONCURRENT_SESSION]
2026-02-26 12:33:29 [[32minfo[39m]: [Agent2] wallet=0xc9288C8f… score=35/100 level=MEDIUM
2026-02-26 12:33:40 [[31merror[39m]: [Agent4] Email dispatch failed: Invalid login: 535-5.7.8 Username and Password not accepted. For more information, go to
535 5.7.8  https://support.google.com/mail/?p=BadCredentials 5b1f17b1804b1-483bd7507adsm149584985e9.9 - gsmtp
2026-02-26 12:33:41 [[31merror[39m]: [Agent4] SMS dispatch failed: Authentication Error - invalid username
2026-02-26 12:33:41 [[33mwarn[39m]: [Agent4] No delivery channel available for wallet 0xc9288C8f…
2026-02-26 12:33:41 [[32minfo[39m]: [Agent3] OTP_REQUIRED wallet=0xc9288C8f… level=MEDIUM
2026-02-26 12:33:41 [[32minfo[39m]: [Pipeline] Done wallet=0xc9288C8f… score=35 action=OTP_REQUIRED
2026-02-26 12:34:06 [[32minfo[39m]: [Agent4] Wrong code wallet=0xc9288C8f… attempts=1/3
2026-02-26 12:37:20 [[32minfo[39m]: Redis connected
2026-02-26 12:37:20 [[32minfo[39m]: ✅ Redis connected
2026-02-26 12:37:20 [[32minfo[39m]: 🚀 BlockAuth running on port 3000
2026-02-26 12:37:20 [[32minfo[39m]:    Mode: development
2026-02-26 12:37:34 [[32minfo[39m]: [Pipeline] Starting for wallet=0xc9288C8f… ip=::1
2026-02-26 12:37:34 [[32minfo[39m]: [Agent1] wallet=0xc9288C8f… signals=[CONCURRENT_SESSION]
2026-02-26 12:37:34 [[32minfo[39m]: [Agent2] wallet=0xc9288C8f… score=35/100 level=MEDIUM
2026-02-26 12:37:45 [[31merror[39m]: [Agent4] Email dispatch failed: connect ECONNREFUSED ::1:587
2026-02-26 12:37:46 [[31merror[39m]: [Agent4] SMS dispatch failed: Authentication Error - invalid username
2026-02-26 12:37:46 [[33mwarn[39m]: [Agent4] No delivery channel available for wallet 0xc9288C8f…
2026-02-26 12:37:46 [[32minfo[39m]: [Agent3] OTP_REQUIRED wallet=0xc9288C8f… level=MEDIUM
2026-02-26 12:37:46 [[32minfo[39m]: [Pipeline] Done wallet=0xc9288C8f… score=35 action=OTP_REQUIRED
2026-02-26 12:40:16 [[32minfo[39m]: Redis connected
2026-02-26 12:40:16 [[32minfo[39m]: ✅ Redis connected
2026-02-26 12:40:16 [[32minfo[39m]: 🚀 BlockAuth running on port 3000
2026-02-26 12:40:16 [[32minfo[39m]:    Mode: development
2026-02-26 12:40:21 [[32minfo[39m]: Redis connected
2026-02-26 12:40:21 [[32minfo[39m]: ✅ Redis connected
2026-02-26 12:40:21 [[32minfo[39m]: 🚀 BlockAuth running on port 3000
2026-02-26 12:40:21 [[32minfo[39m]:    Mode: development
2026-02-26 12:41:16 [[32minfo[39m]: Redis connected
2026-02-26 12:41:16 [[32minfo[39m]: ✅ Redis connected
2026-02-26 12:41:16 [[32minfo[39m]: 🚀 BlockAuth running on port 3000
2026-02-26 12:41:16 [[32minfo[39m]:    Mode: development
2026-02-26 12:42:03 [[32minfo[39m]: Redis connected
2026-02-26 12:42:03 [[32minfo[39m]: ✅ Redis connected
2026-02-26 12:42:03 [[32minfo[39m]: 🚀 BlockAuth running on port 3000
2026-02-26 12:42:03 [[32minfo[39m]:    Mode: development
2026-02-26 12:42:17 [[32minfo[39m]: [Pipeline] Starting for wallet=0xc9288C8f… ip=::1
2026-02-26 12:42:17 [[32minfo[39m]: [Agent1] wallet=0xc9288C8f… signals=[CONCURRENT_SESSION]
2026-02-26 12:42:17 [[32minfo[39m]: [Agent2] wallet=0xc9288C8f… score=35/100 level=MEDIUM
2026-02-26 12:42:27 [[31merror[39m]: [Agent4] Email dispatch failed: connect ECONNREFUSED 127.0.0.1:587
2026-02-26 12:42:28 [[31merror[39m]: [Agent4] SMS dispatch failed: Authentication Error - invalid username
2026-02-26 12:42:28 [[33mwarn[39m]: [Agent4] No delivery channel available for wallet 0xc9288C8f…
2026-02-26 12:42:28 [[32minfo[39m]: [Agent3] OTP_REQUIRED wallet=0xc9288C8f… level=MEDIUM
2026-02-26 12:42:28 [[32minfo[39m]: [Pipeline] Done wallet=0xc9288C8f… score=35 action=OTP_REQUIRED
2026-02-26 12:42:48 [[32minfo[39m]: Redis connected
2026-02-26 12:42:48 [[32minfo[39m]: ✅ Redis connected
2026-02-26 12:42:48 [[32minfo[39m]: 🚀 BlockAuth running on port 3000
2026-02-26 12:42:48 [[32minfo[39m]:    Mode: development
2026-02-26 12:42:59 [[32minfo[39m]: [Pipeline] Starting for wallet=0xc9288C8f… ip=::1
2026-02-26 12:42:59 [[32minfo[39m]: [Agent1] wallet=0xc9288C8f… signals=[CONCURRENT_SESSION]
2026-02-26 12:42:59 [[32minfo[39m]: [Agent2] wallet=0xc9288C8f… score=35/100 level=MEDIUM
2026-02-26 12:43:09 [[31merror[39m]: [Agent4] Email dispatch failed: connect ECONNREFUSED ::1:587
2026-02-26 12:43:10 [[31merror[39m]: [Agent4] SMS dispatch failed: Authentication Error - invalid username
2026-02-26 12:43:10 [[33mwarn[39m]: [Agent4] No delivery channel available for wallet 0xc9288C8f…
2026-02-26 12:43:10 [[32minfo[39m]: [Agent3] OTP_REQUIRED wallet=0xc9288C8f… level=MEDIUM
2026-02-26 12:43:10 [[32minfo[39m]: [Pipeline] Done wallet=0xc9288C8f… score=35 action=OTP_REQUIRED
2026-02-26 12:43:44 [[32minfo[39m]: [Agent4] OTP VERIFIED wallet=0xc9288C8f… session granted
2026-02-26 12:46:45 [[32minfo[39m]: Redis connected
2026-02-26 12:46:45 [[32minfo[39m]: ✅ Redis connected
2026-02-26 12:46:45 [[32minfo[39m]: 🚀 BlockAuth running on port 3000
2026-02-26 12:46:45 [[32minfo[39m]:    Mode: development
2026-02-26 12:47:04 [[32minfo[39m]: [Pipeline] Starting for wallet=0xc9288C8f… ip=::1
2026-02-26 12:47:04 [[32minfo[39m]: [Agent1] wallet=0xc9288C8f… signals=[CONCURRENT_SESSION]
2026-02-26 12:47:04 [[32minfo[39m]: [Agent2] wallet=0xc9288C8f… score=35/100 level=MEDIUM
2026-02-26 12:47:15 [[32minfo[39m]: [Agent4] OTP dispatched via email to ka***@gmail.com
2026-02-26 12:47:16 [[31merror[39m]: [Agent4] SMS dispatch failed: Authentication Error - invalid username
2026-02-26 12:47:16 [[32minfo[39m]: [Agent3] OTP_REQUIRED wallet=0xc9288C8f… level=MEDIUM
2026-02-26 12:47:16 [[32minfo[39m]: [Pipeline] Done wallet=0xc9288C8f… score=35 action=OTP_REQUIRED
2026-02-26 12:47:28 [[32minfo[39m]: [Agent4] OTP VERIFIED wallet=0xc9288C8f… session granted
2026-02-26 12:47:33 [[32minfo[39m]: [Pipeline] Starting for wallet=0xc9288C8f… ip=::1
2026-02-26 12:47:33 [[32minfo[39m]: [Agent1] wallet=0xc9288C8f… signals=[IMPOSSIBLE_TRAVEL, NEW_COUNTRY, CONCURRENT_SESSION]
2026-02-26 12:47:33 [[32minfo[39m]: [Agent2] wallet=0xc9288C8f… score=100/100 level=CRITICAL
2026-02-26 12:47:35 [[32minfo[39m]: [Agent4] OTP dispatched via email to ka***@gmail.com
2026-02-26 12:47:35 [[31merror[39m]: [Agent4] SMS dispatch failed: Authentication Error - invalid username
2026-02-26 12:47:35 [[32minfo[39m]: [Agent3] OTP_REQUIRED wallet=0xc9288C8f… level=CRITICAL
2026-02-26 12:47:35 [[32minfo[39m]: [Pipeline] Done wallet=0xc9288C8f… score=100 action=OTP_REQUIRED
2026-02-26 12:47:57 [[32minfo[39m]: [Agent4] OTP VERIFIED wallet=0xc9288C8f… session granted
2026-02-26 12:48:03 [[32minfo[39m]: [Pipeline] Starting for wallet=0xc9288C8f… ip=::1
2026-02-26 12:48:03 [[32minfo[39m]: [Agent1] wallet=0xc9288C8f… signals=[CONCURRENT_SESSION]
2026-02-26 12:48:03 [[32minfo[39m]: [Agent2] wallet=0xc9288C8f… score=35/100 level=MEDIUM
2026-02-26 12:48:05 [[32minfo[39m]: [Agent4] OTP dispatched via email to ka***@gmail.com
2026-02-26 12:48:05 [[31merror[39m]: [Agent4] SMS dispatch failed: Authentication Error - invalid username
2026-02-26 12:48:05 [[32minfo[39m]: [Agent3] OTP_REQUIRED wallet=0xc9288C8f… level=MEDIUM
2026-02-26 12:48:05 [[32minfo[39m]: [Pipeline] Done wallet=0xc9288C8f… score=35 action=OTP_REQUIRED
2026-02-26 12:48:09 [[32minfo[39m]: [Agent4] Wrong code wallet=0xc9288C8f… attempts=1/3
2026-02-26 12:48:12 [[32minfo[39m]: [Agent4] Wrong code wallet=0xc9288C8f… attempts=2/3
2026-02-26 12:49:41 [[32minfo[39m]: [Pipeline] Starting for wallet=0xc9288C8f… ip=::1
2026-02-26 12:49:41 [[32minfo[39m]: [Agent1] wallet=0xc9288C8f… signals=[IMPOSSIBLE_TRAVEL, NEW_COUNTRY, CONCURRENT_SESSION]
2026-02-26 12:49:41 [[32minfo[39m]: [Agent2] wallet=0xc9288C8f… score=100/100 level=CRITICAL
2026-02-26 12:49:43 [[32minfo[39m]: [Agent4] OTP dispatched via email to ka***@gmail.com
2026-02-26 12:49:44 [[31merror[39m]: [Agent4] SMS dispatch failed: Authentication Error - invalid username
2026-02-26 12:49:44 [[32minfo[39m]: [Agent3] OTP_REQUIRED wallet=0xc9288C8f… level=CRITICAL
2026-02-26 12:49:44 [[32minfo[39m]: [Pipeline] Done wallet=0xc9288C8f… score=100 action=OTP_REQUIRED
2026-02-26 12:49:54 [[32minfo[39m]: [Agent4] Wrong code wallet=0xc9288C8f… attempts=1/3
2026-02-26 12:51:57 [[32minfo[39m]: [Pipeline] Starting for wallet=0xc9288C8f… ip=::1
2026-02-26 12:51:57 [[32minfo[39m]: [Agent1] wallet=0xc9288C8f… signals=[IMPOSSIBLE_TRAVEL, NEW_COUNTRY, CONCURRENT_SESSION]
2026-02-26 12:51:57 [[32minfo[39m]: [Agent2] wallet=0xc9288C8f… score=100/100 level=CRITICAL
2026-02-26 12:52:01 [[32minfo[39m]: [Agent4] OTP dispatched via email to ka***@gmail.com
2026-02-26 12:52:01 [[31merror[39m]: [Agent4] SMS dispatch failed: Authentication Error - invalid username
2026-02-26 12:52:01 [[32minfo[39m]: [Agent3] OTP_REQUIRED wallet=0xc9288C8f… level=CRITICAL
2026-02-26 12:52:01 [[32minfo[39m]: [Pipeline] Done wallet=0xc9288C8f… score=100 action=OTP_REQUIRED
2026-02-26 12:52:05 [[32minfo[39m]: [Agent4] Wrong code wallet=0xc9288C8f… attempts=1/3
2026-02-26 12:52:10 [[32minfo[39m]: [Agent4] Wrong code wallet=0xc9288C8f… attempts=2/3
2026-02-26 12:52:11 [[32minfo[39m]: [Agent4] Wrong code wallet=0xc9288C8f… attempts=3/3
2026-02-26 12:52:13 [[33mwarn[39m]: [Agent4] HARD_BLOCK wallet=0xc9288C8f… too many failed attempts
2026-02-26 12:53:03 [[32minfo[39m]: Redis connected
2026-02-26 12:53:03 [[32minfo[39m]: ✅ Redis connected
2026-02-26 12:53:03 [[32minfo[39m]: 🚀 BlockAuth running on port 3000
2026-02-26 12:53:03 [[32minfo[39m]:    Mode: development
2026-02-26 12:53:52 [[32minfo[39m]: [Pipeline] Starting for wallet=0xc9288C8f… ip=::1
2026-02-26 12:53:52 [[32minfo[39m]: [Agent1] wallet=0xc9288C8f… signals=[none]
2026-02-26 12:53:52 [[32minfo[39m]: [Agent2] wallet=0xc9288C8f… score=0/100 level=LOW
2026-02-26 12:53:52 [[32minfo[39m]: [Agent3] ALLOW wallet=0xc9288C8f… score=0
2026-02-26 12:53:52 [[32minfo[39m]: [Pipeline] Done wallet=0xc9288C8f… score=0 action=ALLOW
2026-02-26 12:53:57 [[32minfo[39m]: [Pipeline] Starting for wallet=0xc9288C8f… ip=::1
2026-02-26 12:53:57 [[32minfo[39m]: [Agent1] wallet=0xc9288C8f… signals=[CONCURRENT_SESSION]
2026-02-26 12:53:57 [[32minfo[39m]: [Agent2] wallet=0xc9288C8f… score=35/100 level=MEDIUM
2026-02-26 12:54:09 [[32minfo[39m]: [Agent4] OTP dispatched via email to ka***@gmail.com
2026-02-26 12:54:10 [[31merror[39m]: [Agent4] SMS dispatch failed: Authentication Error - invalid username
2026-02-26 12:54:10 [[32minfo[39m]: [Agent3] OTP_REQUIRED wallet=0xc9288C8f… level=MEDIUM
2026-02-26 12:54:10 [[32minfo[39m]: [Pipeline] Done wallet=0xc9288C8f… score=35 action=OTP_REQUIRED
2026-02-26 12:54:53 [[32minfo[39m]: [Agent4] OTP VERIFIED wallet=0xc9288C8f… session granted
2026-02-26 12:54:57 [[32minfo[39m]: [Pipeline] Starting for wallet=0xc9288C8f… ip=::1
2026-02-26 12:54:57 [[32minfo[39m]: [Agent1] wallet=0xc9288C8f… signals=[CONCURRENT_SESSION]
2026-02-26 12:54:57 [[32minfo[39m]: [Agent2] wallet=0xc9288C8f… score=35/100 level=MEDIUM
2026-02-26 12:55:01 [[32minfo[39m]: [Agent4] OTP dispatched via email to ka***@gmail.com
2026-02-26 12:55:02 [[31merror[39m]: [Agent4] SMS dispatch failed: Authentication Error - invalid username
2026-02-26 12:55:02 [[32minfo[39m]: [Agent3] OTP_REQUIRED wallet=0xc9288C8f… level=MEDIUM
2026-02-26 12:55:02 [[32minfo[39m]: [Pipeline] Done wallet=0xc9288C8f… score=35 action=OTP_REQUIRED
2026-02-26 12:55:19 [[32minfo[39m]: [Pipeline] Starting for wallet=0xc9288C8f… ip=::1
2026-02-26 12:55:19 [[32minfo[39m]: [Agent1] wallet=0xc9288C8f… signals=[IMPOSSIBLE_TRAVEL, NEW_COUNTRY, CONCURRENT_SESSION]
2026-02-26 12:55:19 [[32minfo[39m]: [Agent2] wallet=0xc9288C8f… score=100/100 level=CRITICAL
2026-02-26 12:55:22 [[32minfo[39m]: [Agent4] OTP dispatched via email to ka***@gmail.com
2026-02-26 12:55:23 [[31merror[39m]: [Agent4] SMS dispatch failed: Authentication Error - invalid username
2026-02-26 12:55:23 [[32minfo[39m]: [Agent3] OTP_REQUIRED wallet=0xc9288C8f… level=CRITICAL
2026-02-26 12:55:23 [[32minfo[39m]: [Pipeline] Done wallet=0xc9288C8f… score=100 action=OTP_REQUIRED
2026-02-26 12:55:35 [[32minfo[39m]: Redis connected
2026-02-26 12:55:35 [[32minfo[39m]: ✅ Redis connected
2026-02-26 12:55:35 [[32minfo[39m]: 🚀 BlockAuth running on port 3000
2026-02-26 12:55:35 [[32minfo[39m]:    Mode: development
2026-02-26 12:55:42 [[32minfo[39m]: [Pipeline] Starting for wallet=0xc9288C8f… ip=::1
2026-02-26 12:55:42 [[32minfo[39m]: [Agent1] wallet=0xc9288C8f… signals=[CONCURRENT_SESSION]
2026-02-26 12:55:42 [[32minfo[39m]: [Agent2] wallet=0xc9288C8f… score=35/100 level=MEDIUM
2026-02-26 12:55:54 [[32minfo[39m]: [Agent4] OTP dispatched via email to ka***@gmail.com
2026-02-26 12:55:55 [[31merror[39m]: [Agent4] SMS dispatch failed: Authentication Error - invalid username
2026-02-26 12:55:55 [[32minfo[39m]: [Agent3] OTP_REQUIRED wallet=0xc9288C8f… level=MEDIUM
2026-02-26 12:55:55 [[32minfo[39m]: [Pipeline] Done wallet=0xc9288C8f… score=35 action=OTP_REQUIRED
2026-02-26 12:56:43 [[32minfo[39m]: Redis connected
2026-02-26 12:56:43 [[32minfo[39m]: ✅ Redis connected
2026-02-26 12:56:43 [[32minfo[39m]: 🚀 BlockAuth running on port 3000
2026-02-26 12:56:43 [[32minfo[39m]:    Mode: development
2026-02-26 12:57:09 [[32minfo[39m]: Redis connected
2026-02-26 12:57:09 [[32minfo[39m]: ✅ Redis connected
2026-02-26 12:57:09 [[32minfo[39m]: 🚀 BlockAuth running on port 3000
2026-02-26 12:57:09 [[32minfo[39m]:    Mode: development
2026-02-26 12:57:19 [[32minfo[39m]: [Pipeline] Starting for wallet=0xc9288C8f… ip=::1
2026-02-26 12:57:19 [[32minfo[39m]: [Agent1] wallet=0xc9288C8f… signals=[CONCURRENT_SESSION]
2026-02-26 12:57:19 [[32minfo[39m]: [Agent2] wallet=0xc9288C8f… score=35/100 level=MEDIUM
2026-02-26 12:57:31 [[32minfo[39m]: [Agent4] OTP dispatched via email to ka***@gmail.com
2026-02-26 12:57:31 [[31merror[39m]: [Agent4] SMS dispatch failed: Authentication Error - invalid username
2026-02-26 12:57:31 [[32minfo[39m]: [Agent3] OTP_REQUIRED wallet=0xc9288C8f… level=MEDIUM
2026-02-26 12:57:31 [[32minfo[39m]: [Pipeline] Done wallet=0xc9288C8f… score=35 action=OTP_REQUIRED
2026-02-26 12:58:12 [[32minfo[39m]: Redis connected
2026-02-26 12:58:12 [[32minfo[39m]: ✅ Redis connected
2026-02-26 12:58:12 [[32minfo[39m]: 🚀 BlockAuth running on port 3000
2026-02-26 12:58:12 [[32minfo[39m]:    Mode: development
2026-02-26 13:00:56 [[32minfo[39m]: Redis connected
2026-02-26 13:00:56 [[32minfo[39m]: ✅ Redis connected
2026-02-26 13:00:56 [[32minfo[39m]: 🚀 BlockAuth running on port 3000
2026-02-26 13:00:56 [[32minfo[39m]:    Mode: development
2026-02-26 13:01:31 [[32minfo[39m]: Redis connected
2026-02-26 13:01:31 [[32minfo[39m]: ✅ Redis connected
2026-02-26 13:01:31 [[32minfo[39m]: 🚀 BlockAuth running on port 3000
2026-02-26 13:01:31 [[32minfo[39m]:    Mode: development
2026-02-26 13:01:45 [[32minfo[39m]: [Pipeline] Starting for wallet=0xc9288C8f… ip=::1
2026-02-26 13:01:45 [[32minfo[39m]: [Agent1] wallet=0xc9288C8f… signals=[CONCURRENT_SESSION]
2026-02-26 13:01:45 [[32minfo[39m]: [Agent2] wallet=0xc9288C8f… score=35/100 level=MEDIUM
2026-02-26 13:01:58 [[32minfo[39m]: [Agent4] OTP dispatched via email to ka***@gmail.com
2026-02-26 13:01:59 [[31merror[39m]: [Agent4] SMS dispatch failed: Authentication Error - invalid username
2026-02-26 13:01:59 [[32minfo[39m]: [Agent3] OTP_REQUIRED wallet=0xc9288C8f… level=MEDIUM
2026-02-26 13:01:59 [[32minfo[39m]: [Pipeline] Done wallet=0xc9288C8f… score=35 action=OTP_REQUIRED
2026-02-26 13:16:08 [[32minfo[39m]: [Pipeline] Starting for wallet=0xc9288C8f… ip=::1
2026-02-26 13:16:08 [[32minfo[39m]: [Agent1] wallet=0xc9288C8f… signals=[none]
2026-02-26 13:16:08 [[32minfo[39m]: [Agent2] wallet=0xc9288C8f… score=0/100 level=LOW
2026-02-26 13:16:08 [[32minfo[39m]: [Agent3] ALLOW wallet=0xc9288C8f… score=0
2026-02-26 13:16:08 [[32minfo[39m]: [Pipeline] Done wallet=0xc9288C8f… score=0 action=ALLOW
2026-02-26 13:16:12 [[32minfo[39m]: [Pipeline] Starting for wallet=0xc9288C8f… ip=::1
2026-02-26 13:16:12 [[32minfo[39m]: [Agent1] wallet=0xc9288C8f… signals=[CONCURRENT_SESSION]
2026-02-26 13:16:12 [[32minfo[39m]: [Agent2] wallet=0xc9288C8f… score=35/100 level=MEDIUM
2026-02-26 13:16:24 [[32minfo[39m]: [Agent4] OTP dispatched via email to ka***@gmail.com
2026-02-26 13:16:24 [[31merror[39m]: [Agent4] SMS dispatch failed: Authentication Error - invalid username
2026-02-26 13:16:24 [[32minfo[39m]: [Agent3] OTP_REQUIRED wallet=0xc9288C8f… level=MEDIUM
2026-02-26 13:16:24 [[32minfo[39m]: [Pipeline] Done wallet=0xc9288C8f… score=35 action=OTP_REQUIRED
2026-02-26 13:16:41 [[32minfo[39m]: [Agent4] Wrong code wallet=0xc9288C8f… attempts=1/3
2026-02-26 13:16:43 [[32minfo[39m]: [Agent4] Wrong code wallet=0xc9288C8f… attempts=2/3
2026-02-26 13:16:45 [[32minfo[39m]: [Agent4] Wrong code wallet=0xc9288C8f… attempts=3/3
2026-02-26 13:16:47 [[33mwarn[39m]: [Agent4] HARD_BLOCK wallet=0xc9288C8f… too many failed attempts
2026-02-26 13:16:55 [[32minfo[39m]: [Pipeline] Starting for wallet=0xc9288C8f… ip=::1
2026-02-26 13:16:55 [[32minfo[39m]: [Agent1] wallet=0xc9288C8f… signals=[IMPOSSIBLE_TRAVEL, NEW_COUNTRY, CONCURRENT_SESSION]
2026-02-26 13:16:55 [[32minfo[39m]: [Agent2] wallet=0xc9288C8f… score=100/100 level=CRITICAL
2026-02-26 13:16:57 [[32minfo[39m]: [Agent4] OTP dispatched via email to ka***@gmail.com
2026-02-26 13:16:57 [[31merror[39m]: [Agent4] SMS dispatch failed: Authentication Error - invalid username
2026-02-26 13:16:57 [[32minfo[39m]: [Agent3] OTP_REQUIRED wallet=0xc9288C8f… level=CRITICAL
2026-02-26 13:16:57 [[32minfo[39m]: [Pipeline] Done wallet=0xc9288C8f… score=100 action=OTP_REQUIRED
2026-02-26 13:17:12 [[32minfo[39m]: [Agent4] OTP VERIFIED wallet=0xc9288C8f… session granted
2026-02-26 13:17:57 [[32minfo[39m]: [Pipeline] Starting for wallet=0xc9288C8f… ip=::1
2026-02-26 13:17:57 [[32minfo[39m]: [Agent1] wallet=0xc9288C8f… signals=[IMPOSSIBLE_TRAVEL, NEW_COUNTRY, CONCURRENT_SESSION]
2026-02-26 13:17:57 [[32minfo[39m]: [Agent2] wallet=0xc9288C8f… score=100/100 level=CRITICAL
2026-02-26 13:17:59 [[32minfo[39m]: [Agent4] OTP dispatched via email to ka***@gmail.com
2026-02-26 13:18:02 [[31merror[39m]: [Agent4] SMS dispatch failed: Authentication Error - invalid username
2026-02-26 13:18:02 [[32minfo[39m]: [Agent3] OTP_REQUIRED wallet=0xc9288C8f… level=CRITICAL
2026-02-26 13:18:02 [[32minfo[39m]: [Pipeline] Done wallet=0xc9288C8f… score=100 action=OTP_REQUIRED
2026-02-26 13:18:14 [[32minfo[39m]: [Pipeline] Starting for wallet=0xc9288C8f… ip=::1
2026-02-26 13:18:14 [[32minfo[39m]: [Agent1] wallet=0xc9288C8f… signals=[none]
2026-02-26 13:18:14 [[32minfo[39m]: [Agent2] wallet=0xc9288C8f… score=0/100 level=LOW
2026-02-26 13:18:14 [[32minfo[39m]: [Agent3] ALLOW wallet=0xc9288C8f… score=0
2026-02-26 13:18:14 [[32minfo[39m]: [Pipeline] Done wallet=0xc9288C8f… score=0 action=ALLOW
2026-02-26 13:18:19 [[32minfo[39m]: [Pipeline] Starting for wallet=0xc9288C8f… ip=::1
2026-02-26 13:18:19 [[32minfo[39m]: [Agent1] wallet=0xc9288C8f… signals=[CONCURRENT_SESSION]
2026-02-26 13:18:19 [[32minfo[39m]: [Agent2] wallet=0xc9288C8f… score=35/100 level=MEDIUM
2026-02-26 13:18:21 [[32minfo[39m]: [Agent4] OTP dispatched via email to ka***@gmail.com
2026-02-26 13:18:21 [[31merror[39m]: [Agent4] SMS dispatch failed: Authentication Error - invalid username
2026-02-26 13:18:21 [[32minfo[39m]: [Agent3] OTP_REQUIRED wallet=0xc9288C8f… level=MEDIUM
2026-02-26 13:18:21 [[32minfo[39m]: [Pipeline] Done wallet=0xc9288C8f… score=35 action=OTP_REQUIRED
2026-02-26 13:18:32 [[32minfo[39m]: [Agent4] Wrong code wallet=0xc9288C8f… attempts=1/3
2026-02-26 13:18:36 [[32minfo[39m]: [Agent4] Wrong code wallet=0xc9288C8f… attempts=2/3
2026-02-26 13:18:55 [[32minfo[39m]: [Agent4] OTP VERIFIED wallet=0xc9288C8f… session granted
2026-02-26 13:19:08 [[32minfo[39m]: [Pipeline] Starting for wallet=0xc9288C8f… ip=::1
2026-02-26 13:19:08 [[32minfo[39m]: [Agent1] wallet=0xc9288C8f… signals=[none]
2026-02-26 13:19:08 [[32minfo[39m]: [Agent2] wallet=0xc9288C8f… score=0/100 level=LOW
2026-02-26 13:19:08 [[32minfo[39m]: [Agent3] ALLOW wallet=0xc9288C8f… score=0
2026-02-26 13:19:08 [[32minfo[39m]: [Pipeline] Done wallet=0xc9288C8f… score=0 action=ALLOW
2026-02-26 13:30:01 [[32minfo[39m]: [Agent1] wallet=0xc9288C8f… signals=[CONCURRENT_SESSION]
2026-02-26 13:30:01 [[32minfo[39m]: [Agent2] wallet=0xc9288C8f… score=80/100 level=CRITICAL
2026-02-26 13:30:20 [[32minfo[39m]: [Agent4] OTP dispatched via email to ka***@gmail.com
2026-02-26 13:30:21 [[31merror[39m]: [Agent4] SMS dispatch failed: Authentication Error - invalid username
2026-02-26 13:30:21 [[32minfo[39m]: [Agent3] OTP_REQUIRED wallet=0xc9288C8f… level=CRITICAL
2026-02-26 13:30:48 [[32minfo[39m]: [Agent4] OTP VERIFIED wallet=0xc9288C8f… session granted
2026-02-26 13:36:07 [[32minfo[39m]: [Pipeline] Starting for wallet=0xc9288C8f… ip=::1
2026-02-26 13:36:07 [[32minfo[39m]: [Agent1] wallet=0xc9288C8f… signals=[CONCURRENT_SESSION]
2026-02-26 13:36:07 [[32minfo[39m]: [Agent2] wallet=0xc9288C8f… score=35/100 level=MEDIUM
2026-02-26 13:36:21 [[32minfo[39m]: [Agent4] OTP dispatched via email to ka***@gmail.com
2026-02-26 13:36:23 [[31merror[39m]: [Agent4] SMS dispatch failed: Authentication Error - invalid username
2026-02-26 13:36:23 [[32minfo[39m]: [Agent3] OTP_REQUIRED wallet=0xc9288C8f… level=MEDIUM
2026-02-26 13:36:23 [[32minfo[39m]: [Pipeline] Done wallet=0xc9288C8f… score=35 action=OTP_REQUIRED
2026-02-26 13:36:35 [[32minfo[39m]: [Agent4] OTP VERIFIED wallet=0xc9288C8f… session granted
2026-02-26 13:36:47 [[32minfo[39m]: [Agent1] wallet=0xc9288C8f… signals=[CONCURRENT_SESSION]
2026-02-26 13:36:47 [[32minfo[39m]: [Agent2] wallet=0xc9288C8f… score=80/100 level=CRITICAL
2026-02-26 13:36:53 [[32minfo[39m]: [Agent4] OTP dispatched via email to ka***@gmail.com
2026-02-26 13:36:54 [[31merror[39m]: [Agent4] SMS dispatch failed: Authentication Error - invalid username
2026-02-26 13:36:54 [[32minfo[39m]: [Agent3] OTP_REQUIRED wallet=0xc9288C8f… level=CRITICAL
2026-02-26 13:37:12 [[32minfo[39m]: [Agent4] OTP VERIFIED wallet=0xc9288C8f… session granted
2026-02-26 13:38:35 [[32minfo[39m]: [Agent1] wallet=0xc9288C8f… signals=[IMPOSSIBLE_TRAVEL, NEW_COUNTRY, CONCURRENT_SESSION]
2026-02-26 13:38:35 [[32minfo[39m]: [Agent2] wallet=0xc9288C8f… score=100/100 level=CRITICAL
2026-02-26 13:38:41 [[32minfo[39m]: [Agent4] OTP dispatched via email to ka***@gmail.com
2026-02-26 13:38:48 [[31merror[39m]: [Agent4] SMS dispatch failed: Authentication Error - invalid username
2026-02-26 13:38:48 [[32minfo[39m]: [Agent3] OTP_REQUIRED wallet=0xc9288C8f… level=CRITICAL
2026-02-26 13:39:05 [[32minfo[39m]: [Agent4] OTP VERIFIED wallet=0xc9288C8f… session granted
2026-02-26 13:41:07 [[32minfo[39m]: [Agent1] wallet=0xc9288C8f… signals=[IMPOSSIBLE_TRAVEL, NEW_COUNTRY, CONCURRENT_SESSION]
2026-02-26 13:41:07 [[32minfo[39m]: [Agent2] wallet=0xc9288C8f… score=100/100 level=CRITICAL
2026-02-26 13:41:20 [[32minfo[39m]: [Agent4] OTP dispatched via email to ka***@gmail.com
2026-02-26 13:41:21 [[31merror[39m]: [Agent4] SMS dispatch failed: Authentication Error - invalid username
2026-02-26 13:41:21 [[32minfo[39m]: [Agent3] OTP_REQUIRED wallet=0xc9288C8f… level=CRITICAL
2026-02-26 13:42:51 [[32minfo[39m]: [Pipeline] Starting for wallet=0xc9288C8f… ip=::1
2026-02-26 13:42:51 [[32minfo[39m]: [Agent1] wallet=0xc9288C8f… signals=[CONCURRENT_SESSION]
2026-02-26 13:42:51 [[32minfo[39m]: [Agent2] wallet=0xc9288C8f… score=35/100 level=MEDIUM
2026-02-26 13:43:56 [[31merror[39m]: [Agent4] Email dispatch failed: read ECONNRESET
2026-02-26 13:43:58 [[31merror[39m]: [Agent4] SMS dispatch failed: Authentication Error - invalid username
2026-02-26 13:43:58 [[33mwarn[39m]: [Agent4] No delivery channel available for wallet 0xc9288C8f…
2026-02-26 13:43:58 [[32minfo[39m]: [Agent3] OTP_REQUIRED wallet=0xc9288C8f… level=MEDIUM
2026-02-26 13:43:58 [[32minfo[39m]: [Pipeline] Done wallet=0xc9288C8f… score=35 action=OTP_REQUIRED
2026-02-26 13:45:13 [[32minfo[39m]: [Pipeline] Starting for wallet=0xc9288C8f… ip=::1
2026-02-26 13:45:13 [[32minfo[39m]: [Agent1] wallet=0xc9288C8f… signals=[CONCURRENT_SESSION]
2026-02-26 13:45:13 [[32minfo[39m]: [Agent2] wallet=0xc9288C8f… score=35/100 level=MEDIUM
2026-02-26 13:45:23 [[32minfo[39m]: [Agent4] OTP dispatched via email to ka***@gmail.com
2026-02-26 13:45:33 [[31merror[39m]: [Agent4] SMS dispatch failed: Authentication Error - invalid username
2026-02-26 13:45:33 [[32minfo[39m]: [Agent3] OTP_REQUIRED wallet=0xc9288C8f… level=MEDIUM
2026-02-26 13:45:33 [[32minfo[39m]: [Pipeline] Done wallet=0xc9288C8f… score=35 action=OTP_REQUIRED
2026-02-26 13:45:49 [[32minfo[39m]: [Agent4] OTP VERIFIED wallet=0xc9288C8f… session granted
2026-02-26 13:45:58 [[32minfo[39m]: [Agent1] wallet=0xc9288C8f… signals=[CONCURRENT_SESSION]
2026-02-26 13:45:58 [[32minfo[39m]: [Agent2] wallet=0xc9288C8f… score=80/100 level=CRITICAL
2026-02-26 13:46:04 [[32minfo[39m]: [Agent4] OTP dispatched via email to ka***@gmail.com
2026-02-26 13:46:06 [[31merror[39m]: [Agent4] SMS dispatch failed: Authentication Error - invalid username
2026-02-26 13:46:06 [[32minfo[39m]: [Agent3] OTP_REQUIRED wallet=0xc9288C8f… level=CRITICAL
2026-02-26 13:46:30 [[32minfo[39m]: [Agent4] Wrong code wallet=0xc9288C8f… attempts=1/3
2026-02-26 13:46:39 [[32minfo[39m]: [Agent4] OTP VERIFIED wallet=0xc9288C8f… session granted
2026-02-26 13:46:53 [[32minfo[39m]: [Agent1] wallet=0xc9288C8f… signals=[IMPOSSIBLE_TRAVEL, NEW_COUNTRY, CONCURRENT_SESSION]
2026-02-26 13:46:53 [[32minfo[39m]: [Agent2] wallet=0xc9288C8f… score=100/100 level=CRITICAL
2026-02-26 13:46:59 [[32minfo[39m]: [Agent4] OTP dispatched via email to ka***@gmail.com
2026-02-26 13:47:03 [[31merror[39m]: [Agent4] SMS dispatch failed: Authentication Error - invalid username
2026-02-26 13:47:03 [[32minfo[39m]: [Agent3] OTP_REQUIRED wallet=0xc9288C8f… level=CRITICAL
2026-02-26 13:47:22 [[32minfo[39m]: [Agent4] Wrong code wallet=0xc9288C8f… attempts=1/3
2026-02-26 13:47:29 [[32minfo[39m]: [Agent4] Wrong code wallet=0xc9288C8f… attempts=2/3
2026-02-26 13:47:34 [[32minfo[39m]: [Agent4] OTP VERIFIED wallet=0xc9288C8f… session granted
2026-02-26 13:53:35 [[32minfo[39m]: [Pipeline] Starting for wallet=0xc9288C8f… ip=::1
2026-02-26 13:53:35 [[32minfo[39m]: [Agent1] wallet=0xc9288C8f… signals=[CONCURRENT_SESSION]
2026-02-26 13:53:35 [[32minfo[39m]: [Agent2] wallet=0xc9288C8f… score=35/100 level=MEDIUM
2026-02-26 13:54:05 [[32minfo[39m]: [Agent4] OTP dispatched via email to ka***@gmail.com
2026-02-26 13:54:09 [[31merror[39m]: [Agent4] SMS dispatch failed: Authentication Error - invalid username
2026-02-26 13:54:09 [[32minfo[39m]: [Agent3] OTP_REQUIRED wallet=0xc9288C8f… level=MEDIUM
2026-02-26 13:54:09 [[32minfo[39m]: [Pipeline] Done wallet=0xc9288C8f… score=35 action=OTP_REQUIRED
2026-02-26 13:54:24 [[32minfo[39m]: [Agent4] OTP VERIFIED wallet=0xc9288C8f… session granted
2026-02-26 13:54:36 [[32minfo[39m]: [Pipeline] Starting for wallet=0xc9288C8f… ip=::1
2026-02-26 13:54:36 [[32minfo[39m]: [Agent1] wallet=0xc9288C8f… signals=[CONCURRENT_SESSION]
2026-02-26 13:54:36 [[32minfo[39m]: [Agent2] wallet=0xc9288C8f… score=35/100 level=MEDIUM
2026-02-26 13:54:39 [[32minfo[39m]: [Agent4] OTP dispatched via email to ka***@gmail.com
2026-02-26 13:54:41 [[31merror[39m]: [Agent4] SMS dispatch failed: Authentication Error - invalid username
2026-02-26 13:54:41 [[32minfo[39m]: [Agent3] OTP_REQUIRED wallet=0xc9288C8f… level=MEDIUM
2026-02-26 13:54:41 [[32minfo[39m]: [Pipeline] Done wallet=0xc9288C8f… score=35 action=OTP_REQUIRED
2026-02-26 13:54:56 [[32minfo[39m]: [Agent4] Wrong code wallet=0xc9288C8f… attempts=1/3
2026-02-26 13:55:01 [[32minfo[39m]: [Agent4] Wrong code wallet=0xc9288C8f… attempts=2/3
2026-02-26 13:55:04 [[32minfo[39m]: [Agent4] Wrong code wallet=0xc9288C8f… attempts=3/3
2026-02-26 13:55:06 [[33mwarn[39m]: [Agent4] HARD_BLOCK wallet=0xc9288C8f… too many failed attempts
2026-02-26 13:55:22 [[32minfo[39m]: [Pipeline] Starting for wallet=0xc9288C8f… ip=::1
2026-02-26 13:55:22 [[32minfo[39m]: [Agent1] wallet=0xc9288C8f… signals=[IMPOSSIBLE_TRAVEL, NEW_COUNTRY, CONCURRENT_SESSION]
2026-02-26 13:55:22 [[32minfo[39m]: [Agent2] wallet=0xc9288C8f… score=100/100 level=CRITICAL
2026-02-26 13:55:27 [[32minfo[39m]: [Agent4] OTP dispatched via email to ka***@gmail.com
2026-02-26 13:55:28 [[31merror[39m]: [Agent4] SMS dispatch failed: Authentication Error - invalid username
2026-02-26 13:55:28 [[32minfo[39m]: [Agent3] OTP_REQUIRED wallet=0xc9288C8f… level=CRITICAL
2026-02-26 13:55:28 [[32minfo[39m]: [Pipeline] Done wallet=0xc9288C8f… score=100 action=OTP_REQUIRED
2026-02-26 13:55:56 [[32minfo[39m]: [Agent4] Wrong code wallet=0xc9288C8f… attempts=1/3
2026-02-26 13:56:02 [[32minfo[39m]: [Agent4] OTP VERIFIED wallet=0xc9288C8f… session granted
2026-02-26 13:56:15 [[32minfo[39m]: [Pipeline] Starting for wallet=0xc9288C8f… ip=::1
2026-02-26 13:56:15 [[32minfo[39m]: [Agent1] wallet=0xc9288C8f… signals=[IMPOSSIBLE_TRAVEL, NEW_COUNTRY, CONCURRENT_SESSION]
2026-02-26 13:56:15 [[32minfo[39m]: [Agent2] wallet=0xc9288C8f… score=100/100 level=CRITICAL
2026-02-26 13:56:17 [[32minfo[39m]: [Agent4] OTP dispatched via email to ka***@gmail.com
2026-02-26 13:56:18 [[31merror[39m]: [Agent4] SMS dispatch failed: Authentication Error - invalid username
2026-02-26 13:56:18 [[32minfo[39m]: [Agent3] OTP_REQUIRED wallet=0xc9288C8f… level=CRITICAL
2026-02-26 13:56:18 [[32minfo[39m]: [Pipeline] Done wallet=0xc9288C8f… score=100 action=OTP_REQUIRED
2026-02-26 13:56:40 [[32minfo[39m]: [Agent4] OTP VERIFIED wallet=0xc9288C8f… session granted
2026-02-26 13:56:58 [[32minfo[39m]: [Pipeline] Starting for wallet=0xc9288C8f… ip=::1
2026-02-26 13:56:58 [[32minfo[39m]: [Agent1] wallet=0xc9288C8f… signals=[CONCURRENT_SESSION]
2026-02-26 13:56:58 [[32minfo[39m]: [Agent2] wallet=0xc9288C8f… score=35/100 level=MEDIUM
2026-02-26 13:56:59 [[32minfo[39m]: [Agent4] OTP dispatched via email to ka***@gmail.com
2026-02-26 13:57:00 [[31merror[39m]: [Agent4] SMS dispatch failed: Authentication Error - invalid username
2026-02-26 13:57:00 [[32minfo[39m]: [Agent3] OTP_REQUIRED wallet=0xc9288C8f… level=MEDIUM
2026-02-26 13:57:00 [[32minfo[39m]: [Pipeline] Done wallet=0xc9288C8f… score=35 action=OTP_REQUIRED
2026-02-26 13:57:12 [[32minfo[39m]: [Agent4] OTP VERIFIED wallet=0xc9288C8f… session granted
2026-02-26 14:03:31 [[32minfo[39m]: Redis connected
2026-02-26 14:03:31 [[32minfo[39m]: ✅ Redis connected
2026-02-26 14:03:31 [[32minfo[39m]: 🚀 BlockAuth running on port 3000
2026-02-26 14:03:31 [[32minfo[39m]:    Mode: development
2026-02-26 14:03:37 [[32minfo[39m]: Redis connected
2026-02-26 14:03:37 [[32minfo[39m]: ✅ Redis connected
2026-02-26 14:03:37 [[32minfo[39m]: 🚀 BlockAuth running on port 3000
2026-02-26 14:03:37 [[32minfo[39m]:    Mode: development
2026-02-26 14:03:48 [[32minfo[39m]: Redis connected
2026-02-26 14:03:48 [[32minfo[39m]: ✅ Redis connected
2026-02-26 14:03:48 [[32minfo[39m]: 🚀 BlockAuth running on port 3000
2026-02-26 14:03:48 [[32minfo[39m]:    Mode: development
2026-02-26 14:03:55 [[32minfo[39m]: Redis connected
2026-02-26 14:03:55 [[32minfo[39m]: ✅ Redis connected
2026-02-26 14:03:55 [[32minfo[39m]: 🚀 BlockAuth running on port 3000
2026-02-26 14:03:55 [[32minfo[39m]:    Mode: development
2026-02-26 14:05:58 [[32minfo[39m]: Redis connected
2026-02-26 14:05:58 [[32minfo[39m]: ✅ Redis connected
2026-02-26 14:05:58 [[32minfo[39m]: 🚀 BlockAuth running on port 3000
2026-02-26 14:05:58 [[32minfo[39m]:    Mode: development
2026-02-26 14:06:23 [[32minfo[39m]: Redis connected
2026-02-26 14:06:23 [[32minfo[39m]: ✅ Redis connected
2026-02-26 14:06:23 [[32minfo[39m]: 🚀 BlockAuth running on port 3000
2026-02-26 14:06:23 [[32minfo[39m]:    Mode: development
2026-02-26 14:07:21 [[32minfo[39m]: [Pipeline] Starting for wallet=0xc9288C8f… ip=::1
2026-02-26 14:07:21 [[32minfo[39m]: [Agent1] wallet=0xc9288C8f… signals=[none]
2026-02-26 14:07:21 [[32minfo[39m]: [Agent2] wallet=0xc9288C8f… score=0/100 level=LOW
2026-02-26 14:07:21 [[32minfo[39m]: [Agent3] ALLOW wallet=0xc9288C8f… score=0
2026-02-26 14:07:21 [[32minfo[39m]: [Pipeline] Done wallet=0xc9288C8f… score=0 action=ALLOW
2026-02-26 14:13:43 [[32minfo[39m]: [Pipeline] Starting for wallet=0xc9288C8f… ip=::1
2026-02-26 14:13:43 [[32minfo[39m]: [Agent1] wallet=0xc9288C8f… signals=[CONCURRENT_SESSION]
2026-02-26 14:13:43 [[32minfo[39m]: [Agent2] wallet=0xc9288C8f… score=35/100 level=MEDIUM
2026-02-26 14:13:58 [[32minfo[39m]: [Agent4] OTP dispatched via email to ka***@gmail.com
2026-02-26 14:14:01 [[31merror[39m]: [Agent4] SMS dispatch failed: Authentication Error - invalid username
2026-02-26 14:14:01 [[32minfo[39m]: [Agent3] OTP_REQUIRED wallet=0xc9288C8f… level=MEDIUM
2026-02-26 14:14:01 [[32minfo[39m]: [Pipeline] Done wallet=0xc9288C8f… score=35 action=OTP_REQUIRED
2026-02-26 14:14:13 [[32minfo[39m]: [Agent4] OTP VERIFIED wallet=0xc9288C8f… session granted
2026-02-26 14:15:45 [[32minfo[39m]: Redis connected
2026-02-26 14:15:45 [[32minfo[39m]: ✅ Redis connected
2026-02-26 14:15:45 [[32minfo[39m]: 🚀 BlockAuth running on port 3000
2026-02-26 14:15:45 [[32minfo[39m]:    Mode: development
2026-02-26 14:16:06 [[32minfo[39m]: Redis connected
2026-02-26 14:16:06 [[32minfo[39m]: ✅ Redis connected
2026-02-26 14:16:06 [[32minfo[39m]: 🚀 BlockAuth running on port 3000
2026-02-26 14:16:06 [[32minfo[39m]:    Mode: development
2026-02-26 14:16:15 [[32minfo[39m]: Redis connected
2026-02-26 14:16:15 [[32minfo[39m]: ✅ Redis connected
2026-02-26 14:16:15 [[32minfo[39m]: 🚀 BlockAuth running on port 3000
2026-02-26 14:16:15 [[32minfo[39m]:    Mode: development
2026-02-26 14:16:30 [[32minfo[39m]: Redis connected
2026-02-26 14:16:30 [[32minfo[39m]: ✅ Redis connected
2026-02-26 14:16:30 [[32minfo[39m]: 🚀 BlockAuth running on port 3000
2026-02-26 14:16:30 [[32minfo[39m]:    Mode: development
2026-02-26 14:16:44 [[32minfo[39m]: Redis connected
2026-02-26 14:16:44 [[32minfo[39m]: ✅ Redis connected
2026-02-26 14:16:44 [[32minfo[39m]: 🚀 BlockAuth running on port 3000
2026-02-26 14:16:44 [[32minfo[39m]:    Mode: development
2026-02-26 14:16:45 [[32minfo[39m]: Redis connected
2026-02-26 14:16:45 [[32minfo[39m]: ✅ Redis connected
2026-02-26 14:16:45 [[32minfo[39m]: 🚀 BlockAuth running on port 3000
2026-02-26 14:16:45 [[32minfo[39m]:    Mode: development
2026-02-26 14:16:57 [[32minfo[39m]: Redis connected
2026-02-26 14:16:57 [[32minfo[39m]: ✅ Redis connected
2026-02-26 14:16:57 [[32minfo[39m]: 🚀 BlockAuth running on port 3000
2026-02-26 14:16:57 [[32minfo[39m]:    Mode: development
2026-02-26 14:17:12 [[32minfo[39m]: Redis connected
2026-02-26 14:17:12 [[32minfo[39m]: ✅ Redis connected
2026-02-26 14:17:13 [[32minfo[39m]: 🚀 BlockAuth running on port 3000
2026-02-26 14:17:13 [[32minfo[39m]:    Mode: development
2026-02-26 14:17:21 [[32minfo[39m]: Redis connected
2026-02-26 14:17:21 [[32minfo[39m]: ✅ Redis connected
2026-02-26 14:17:21 [[32minfo[39m]: 🚀 BlockAuth running on port 3000
2026-02-26 14:17:21 [[32minfo[39m]:    Mode: development
