2026-02-25 13:29:14 [[31merror[39m]: Redis error:
2026-02-25 15:13:40 [[31merror[39m]: TypeError: The "key" argument must be of type string or an instance of ArrayBuffer, Buffer, TypedArray, DataView, KeyObject, or CryptoKey. Received undefined
    at prepareSecretKey (node:internal/crypto/keys:692:11)
    at new Hmac (node:internal/crypto/hash:141:9)
    at Object.createHmac (node:crypto:163:10)
    at createHmac (C:\Users\karim\Downloads\blockauth\blockauth\src\utils\otp.js:23:6)
    at hashOTP (C:\Users\karim\Downloads\blockauth\blockauth\src\utils\otp.js:32:25)
    at Object.verifyOTP [as verify] (C:\Users\karim\Downloads\blockauth\blockauth\src\agents\agent4_otp.js:124:19)
    at processTicksAndRejections (node:internal/process/task_queues:105:5)
    at C:\Users\karim\Downloads\blockauth\blockauth\src\routes\otp.js:66:20
2026-02-25 15:16:32 [[31merror[39m]: TypeError: The "key" argument must be of type string or an instance of ArrayBuffer, Buffer, TypedArray, DataView, KeyObject, or CryptoKey. Received undefined
    at prepareSecretKey (node:internal/crypto/keys:692:11)
    at new Hmac (node:internal/crypto/hash:141:9)
    at Object.createHmac (node:crypto:163:10)
    at createHmac (C:\Users\karim\Downloads\blockauth\blockauth\src\utils\otp.js:23:6)
    at hashOTP (C:\Users\karim\Downloads\blockauth\blockauth\src\utils\otp.js:32:25)
    at Object.verifyOTP [as verify] (C:\Users\karim\Downloads\blockauth\blockauth\src\agents\agent4_otp.js:124:19)
    at processTicksAndRejections (node:internal/process/task_queues:105:5)
    at C:\Users\karim\Downloads\blockauth\blockauth\src\routes\otp.js:66:20
2026-02-25 15:17:57 [[31merror[39m]: TypeError: The "key" argument must be of type string or an instance of ArrayBuffer, Buffer, TypedArray, DataView, KeyObject, or CryptoKey. Received undefined
    at prepareSecretKey (node:internal/crypto/keys:692:11)
    at new Hmac (node:internal/crypto/hash:141:9)
    at Object.createHmac (node:crypto:163:10)
    at createHmac (C:\Users\karim\Downloads\blockauth\blockauth\src\utils\otp.js:23:6)
    at hashOTP (C:\Users\karim\Downloads\blockauth\blockauth\src\utils\otp.js:32:25)
    at Object.verifyOTP [as verify] (C:\Users\karim\Downloads\blockauth\blockauth\src\agents\agent4_otp.js:124:19)
    at processTicksAndRejections (node:internal/process/task_queues:105:5)
    at C:\Users\karim\Downloads\blockauth\blockauth\src\routes\otp.js:66:20
2026-02-26 08:59:24 [[31merror[39m]: Redis error:
2026-02-26 09:01:14 [[31merror[39m]: Redis error:
2026-02-26 09:07:40 [[31merror[39m]: Redis error:
2026-02-26 09:07:45 [[31merror[39m]: Redis error:
2026-02-26 09:07:45 [[31merror[39m]: Redis error:
2026-02-26 09:07:45 [[31merror[39m]: Redis error:
2026-02-26 09:07:45 [[31merror[39m]: Redis error:
2026-02-26 09:07:46 [[31merror[39m]: Redis error:
2026-02-26 09:07:46 [[31merror[39m]: Redis error:
2026-02-26 09:07:47 [[31merror[39m]: Redis error:
2026-02-26 09:07:47 [[31merror[39m]: Redis error:
2026-02-26 09:07:48 [[31merror[39m]: Redis error:
2026-02-26 09:07:48 [[31merror[39m]: Redis error:
2026-02-26 09:07:49 [[31merror[39m]: Redis error:
2026-02-26 09:07:50 [[31merror[39m]: Redis error:
2026-02-26 09:07:51 [[31merror[39m]: Redis error:
2026-02-26 09:07:51 [[31merror[39m]: Redis error:
2026-02-26 09:07:52 [[31merror[39m]: Redis error:
2026-02-26 09:07:53 [[31merror[39m]: Redis error:
2026-02-26 09:07:54 [[31merror[39m]: Redis error:
2026-02-26 09:07:55 [[31merror[39m]: Redis error:
2026-02-26 09:07:57 [[31merror[39m]: Redis error:
2026-02-26 09:07:58 [[31merror[39m]: Redis error:
2026-02-26 09:07:59 [[31merror[39m]: Redis error:
2026-02-26 09:08:00 [[31merror[39m]: Redis error:
2026-02-26 09:08:02 [[31merror[39m]: Redis error:
2026-02-26 09:08:03 [[31merror[39m]: Redis error:
2026-02-26 09:08:05 [[31merror[39m]: Redis error:
2026-02-26 09:08:06 [[31merror[39m]: Redis error:
2026-02-26 11:58:59 [[31merror[39m]: [Agent4] Email dispatch failed: Unauthorized
2026-02-26 11:59:00 [[31merror[39m]: [Agent4] SMS dispatch failed: Authentication Error - invalid username
2026-02-26 12:11:36 [[31merror[39m]: [Agent4] Email dispatch failed: Invalid login: 535-5.7.8 Username and Password not accepted. For more information, go to
535 5.7.8  https://support.google.com/mail/?p=BadCredentials 5b1f17b1804b1-483bfb296bfsm45499145e9.0 - gsmtp
2026-02-26 12:11:37 [[31merror[39m]: [Agent4] SMS dispatch failed: Authentication Error - invalid username
2026-02-26 12:16:23 [[31merror[39m]: [Agent4] Email dispatch failed: Invalid login: 535-5.7.8 Username and Password not accepted. For more information, go to
535 5.7.8  https://support.google.com/mail/?p=BadCredentials ffacd0b85a97d-43970d4c95dsm45180544f8f.33 - gsmtp
2026-02-26 12:16:24 [[31merror[39m]: [Agent4] SMS dispatch failed: Authentication Error - invalid username
2026-02-26 12:18:03 [[31merror[39m]: [Agent4] Email dispatch failed: Invalid login: 535-5.7.8 Username and Password not accepted. For more information, go to
535 5.7.8  https://support.google.com/mail/?p=BadCredentials ffacd0b85a97d-43970d3fc12sm39439071f8f.24 - gsmtp
2026-02-26 12:18:07 [[31merror[39m]: [Agent4] SMS dispatch failed: Authentication Error - invalid username
2026-02-26 12:23:05 [[31merror[39m]: [Agent4] Email dispatch failed: Invalid login: 535-5.7.8 Username and Password not accepted. For more information, go to
535 5.7.8  https://support.google.com/mail/?p=BadCredentials 5b1f17b1804b1-483c3b84139sm44157145e9.14 - gsmtp
2026-02-26 12:23:07 [[31merror[39m]: [Agent4] SMS dispatch failed: Authentication Error - invalid username
2026-02-26 12:28:03 [[31merror[39m]: [Agent4] Email dispatch failed: Invalid login: 535-5.7.8 Username and Password not accepted. For more information, go to
535 5.7.8  https://support.google.com/mail/?p=BadCredentials ffacd0b85a97d-43970d4c982sm40525530f8f.31 - gsmtp
2026-02-26 12:28:04 [[31merror[39m]: [Agent4] SMS dispatch failed: Authentication Error - invalid username
2026-02-26 12:30:36 [[31merror[39m]: [Agent4] Email dispatch failed: Invalid login: 535-5.7.8 Username and Password not accepted. For more information, go to
535 5.7.8  https://support.google.com/mail/?p=BadCredentials 5b1f17b1804b1-483bfb77466sm47379965e9.5 - gsmtp
2026-02-26 12:30:37 [[31merror[39m]: [Agent4] SMS dispatch failed: Authentication Error - invalid username
2026-02-26 12:32:22 [[31merror[39m]: [Agent4] Email dispatch failed: Invalid login: 535-5.7.8 Username and Password not accepted. For more information, go to
535 5.7.8  https://support.google.com/mail/?p=BadCredentials ffacd0b85a97d-43970bfa015sm40576223f8f.8 - gsmtp
2026-02-26 12:32:22 [[31merror[39m]: [Agent4] SMS dispatch failed: Authentication Error - invalid username
2026-02-26 12:33:40 [[31merror[39m]: [Agent4] Email dispatch failed: Invalid login: 535-5.7.8 Username and Password not accepted. For more information, go to
535 5.7.8  https://support.google.com/mail/?p=BadCredentials 5b1f17b1804b1-483bd7507adsm149584985e9.9 - gsmtp
2026-02-26 12:33:41 [[31merror[39m]: [Agent4] SMS dispatch failed: Authentication Error - invalid username
2026-02-26 12:37:45 [[31merror[39m]: [Agent4] Email dispatch failed: connect ECONNREFUSED ::1:587
2026-02-26 12:37:46 [[31merror[39m]: [Agent4] SMS dispatch failed: Authentication Error - invalid username
2026-02-26 12:42:27 [[31merror[39m]: [Agent4] Email dispatch failed: connect ECONNREFUSED 127.0.0.1:587
2026-02-26 12:42:28 [[31merror[39m]: [Agent4] SMS dispatch failed: Authentication Error - invalid username
2026-02-26 12:43:09 [[31merror[39m]: [Agent4] Email dispatch failed: connect ECONNREFUSED ::1:587
2026-02-26 12:43:10 [[31merror[39m]: [Agent4] SMS dispatch failed: Authentication Error - invalid username
2026-02-26 12:47:16 [[31merror[39m]: [Agent4] SMS dispatch failed: Authentication Error - invalid username
2026-02-26 12:47:35 [[31merror[39m]: [Agent4] SMS dispatch failed: Authentication Error - invalid username
2026-02-26 12:48:05 [[31merror[39m]: [Agent4] SMS dispatch failed: Authentication Error - invalid username
2026-02-26 12:49:44 [[31merror[39m]: [Agent4] SMS dispatch failed: Authentication Error - invalid username
2026-02-26 12:52:01 [[31merror[39m]: [Agent4] SMS dispatch failed: Authentication Error - invalid username
2026-02-26 12:54:10 [[31merror[39m]: [Agent4] SMS dispatch failed: Authentication Error - invalid username
2026-02-26 12:55:02 [[31merror[39m]: [Agent4] SMS dispatch failed: Authentication Error - invalid username
2026-02-26 12:55:23 [[31merror[39m]: [Agent4] SMS dispatch failed: Authentication Error - invalid username
2026-02-26 12:55:55 [[31merror[39m]: [Agent4] SMS dispatch failed: Authentication Error - invalid username
2026-02-26 12:57:31 [[31merror[39m]: [Agent4] SMS dispatch failed: Authentication Error - invalid username
2026-02-26 13:01:59 [[31merror[39m]: [Agent4] SMS dispatch failed: Authentication Error - invalid username
2026-02-26 13:16:24 [[31merror[39m]: [Agent4] SMS dispatch failed: Authentication Error - invalid username
2026-02-26 13:16:57 [[31merror[39m]: [Agent4] SMS dispatch failed: Authentication Error - invalid username
2026-02-26 13:18:02 [[31merror[39m]: [Agent4] SMS dispatch failed: Authentication Error - invalid username
2026-02-26 13:18:21 [[31merror[39m]: [Agent4] SMS dispatch failed: Authentication Error - invalid username
2026-02-26 13:30:21 [[31merror[39m]: [Agent4] SMS dispatch failed: Authentication Error - invalid username
2026-02-26 13:36:23 [[31merror[39m]: [Agent4] SMS dispatch failed: Authentication Error - invalid username
2026-02-26 13:36:54 [[31merror[39m]: [Agent4] SMS dispatch failed: Authentication Error - invalid username
2026-02-26 13:38:48 [[31merror[39m]: [Agent4] SMS dispatch failed: Authentication Error - invalid username
2026-02-26 13:41:21 [[31merror[39m]: [Agent4] SMS dispatch failed: Authentication Error - invalid username
2026-02-26 13:43:56 [[31merror[39m]: [Agent4] Email dispatch failed: read ECONNRESET
2026-02-26 13:43:58 [[31merror[39m]: [Agent4] SMS dispatch failed: Authentication Error - invalid username
2026-02-26 13:45:33 [[31merror[39m]: [Agent4] SMS dispatch failed: Authentication Error - invalid username
2026-02-26 13:46:06 [[31merror[39m]: [Agent4] SMS dispatch failed: Authentication Error - invalid username
2026-02-26 13:47:03 [[31merror[39m]: [Agent4] SMS dispatch failed: Authentication Error - invalid username
2026-02-26 13:54:09 [[31merror[39m]: [Agent4] SMS dispatch failed: Authentication Error - invalid username
2026-02-26 13:54:41 [[31merror[39m]: [Agent4] SMS dispatch failed: Authentication Error - invalid username
2026-02-26 13:55:28 [[31merror[39m]: [Agent4] SMS dispatch failed: Authentication Error - invalid username
2026-02-26 13:56:18 [[31merror[39m]: [Agent4] SMS dispatch failed: Authentication Error - invalid username
2026-02-26 13:57:00 [[31merror[39m]: [Agent4] SMS dispatch failed: Authentication Error - invalid username
2026-02-26 14:14:01 [[31merror[39m]: [Agent4] SMS dispatch failed: Authentication Error - invalid username
